{"/home/pato/Workspace/Netbeans/NetBeansProjects/Intellidrone/javascript-api-client/src/index.js":{"path":"/home/pato/Workspace/Netbeans/NetBeansProjects/Intellidrone/javascript-api-client/src/index.js","statementMap":{"0":{"start":{"line":17,"column":0},"end":{"line":128,"column":4}},"1":{"start":{"line":18,"column":2},"end":{"line":24,"column":3}},"2":{"start":{"line":20,"column":4},"end":{"line":20,"column":271}},"3":{"start":{"line":21,"column":9},"end":{"line":24,"column":3}},"4":{"start":{"line":23,"column":4},"end":{"line":23,"column":408}},"5":{"start":{"line":59,"column":16},"end":{"line":125,"column":3}},"6":{"start":{"line":127,"column":2},"end":{"line":127,"column":17}}},"fnMap":{"0":{"name":"(anonymous_0)","decl":{"start":{"line":17,"column":1},"end":{"line":17,"column":2}},"loc":{"start":{"line":17,"column":19},"end":{"line":25,"column":1}},"line":17},"1":{"name":"(anonymous_1)","decl":{"start":{"line":25,"column":2},"end":{"line":25,"column":3}},"loc":{"start":{"line":25,"column":149},"end":{"line":128,"column":1}},"line":25}},"branchMap":{"0":{"loc":{"start":{"line":18,"column":2},"end":{"line":24,"column":3}},"type":"if","locations":[{"start":{"line":18,"column":2},"end":{"line":24,"column":3}},{"start":{"line":18,"column":2},"end":{"line":24,"column":3}}],"line":18},"1":{"loc":{"start":{"line":18,"column":6},"end":{"line":18,"column":48}},"type":"binary-expr","locations":[{"start":{"line":18,"column":6},"end":{"line":18,"column":34}},{"start":{"line":18,"column":38},"end":{"line":18,"column":48}}],"line":18},"2":{"loc":{"start":{"line":21,"column":9},"end":{"line":24,"column":3}},"type":"if","locations":[{"start":{"line":21,"column":9},"end":{"line":24,"column":3}},{"start":{"line":21,"column":9},"end":{"line":24,"column":3}}],"line":21},"3":{"loc":{"start":{"line":21,"column":13},"end":{"line":21,"column":57}},"type":"binary-expr","locations":[{"start":{"line":21,"column":13},"end":{"line":21,"column":39}},{"start":{"line":21,"column":43},"end":{"line":21,"column":57}}],"line":21}},"s":{"0":1,"1":1,"2":0,"3":1,"4":1,"5":1,"6":1},"f":{"0":1,"1":1},"b":{"0":[0,1],"1":[1,0],"2":[1,0],"3":[1,1]},"_coverageSchema":"43e27e138ebf9cfc5966b082cf9a028302ed4184","hash":"f923370444aa5708c5df854ed03c21510b958353","contentHash":"908158bb1b5ed5c6bb9701d1cbb502c7"},"/home/pato/Workspace/Netbeans/NetBeansProjects/Intellidrone/javascript-api-client/src/ApiClient.js":{"path":"/home/pato/Workspace/Netbeans/NetBeansProjects/Intellidrone/javascript-api-client/src/ApiClient.js","statementMap":{"0":{"start":{"line":17,"column":0},"end":{"line":587,"column":4}},"1":{"start":{"line":18,"column":2},"end":{"line":30,"column":3}},"2":{"start":{"line":20,"column":4},"end":{"line":20,"column":51}},"3":{"start":{"line":21,"column":9},"end":{"line":30,"column":3}},"4":{"start":{"line":23,"column":4},"end":{"line":23,"column":76}},"5":{"start":{"line":26,"column":4},"end":{"line":28,"column":5}},"6":{"start":{"line":27,"column":6},"end":{"line":27,"column":43}},"7":{"start":{"line":29,"column":4},"end":{"line":29,"column":91}},"8":{"start":{"line":46,"column":16},"end":{"line":103,"column":3}},"9":{"start":{"line":52,"column":4},"end":{"line":52,"column":78}},"10":{"start":{"line":58,"column":4},"end":{"line":61,"column":6}},"11":{"start":{"line":67,"column":4},"end":{"line":67,"column":29}},"12":{"start":{"line":74,"column":4},"end":{"line":74,"column":25}},"13":{"start":{"line":82,"column":4},"end":{"line":82,"column":22}},"14":{"start":{"line":89,"column":4},"end":{"line":89,"column":31}},"15":{"start":{"line":95,"column":4},"end":{"line":97,"column":5}},"16":{"start":{"line":96,"column":6},"end":{"line":96,"column":42}},"17":{"start":{"line":102,"column":4},"end":{"line":102,"column":29}},"18":{"start":{"line":110,"column":2},"end":{"line":118,"column":4}},"19":{"start":{"line":111,"column":4},"end":{"line":113,"column":5}},"20":{"start":{"line":112,"column":6},"end":{"line":112,"column":16}},"21":{"start":{"line":114,"column":4},"end":{"line":116,"column":5}},"22":{"start":{"line":115,"column":6},"end":{"line":115,"column":28}},"23":{"start":{"line":117,"column":4},"end":{"line":117,"column":28}},"24":{"start":{"line":127,"column":2},"end":{"line":143,"column":4}},"25":{"start":{"line":128,"column":4},"end":{"line":130,"column":5}},"26":{"start":{"line":129,"column":6},"end":{"line":129,"column":24}},"27":{"start":{"line":131,"column":14},"end":{"line":131,"column":34}},"28":{"start":{"line":132,"column":16},"end":{"line":132,"column":20}},"29":{"start":{"line":133,"column":4},"end":{"line":141,"column":7}},"30":{"start":{"line":135,"column":6},"end":{"line":139,"column":7}},"31":{"start":{"line":136,"column":8},"end":{"line":136,"column":53}},"32":{"start":{"line":138,"column":8},"end":{"line":138,"column":26}},"33":{"start":{"line":140,"column":6},"end":{"line":140,"column":39}},"34":{"start":{"line":142,"column":4},"end":{"line":142,"column":15}},"35":{"start":{"line":156,"column":2},"end":{"line":158,"column":4}},"36":{"start":{"line":157,"column":4},"end":{"line":157,"column":91}},"37":{"start":{"line":165,"column":2},"end":{"line":172,"column":4}},"38":{"start":{"line":166,"column":4},"end":{"line":170,"column":5}},"39":{"start":{"line":167,"column":6},"end":{"line":169,"column":7}},"40":{"start":{"line":168,"column":8},"end":{"line":168,"column":31}},"41":{"start":{"line":171,"column":4},"end":{"line":171,"column":27}},"42":{"start":{"line":179,"column":2},"end":{"line":203,"column":4}},"43":{"start":{"line":181,"column":4},"end":{"line":189,"column":5}},"44":{"start":{"line":183,"column":6},"end":{"line":185,"column":22}},"45":{"start":{"line":184,"column":8},"end":{"line":184,"column":27}},"46":{"start":{"line":186,"column":6},"end":{"line":188,"column":7}},"47":{"start":{"line":187,"column":8},"end":{"line":187,"column":20}},"48":{"start":{"line":191,"column":4},"end":{"line":193,"column":5}},"49":{"start":{"line":192,"column":6},"end":{"line":192,"column":18}},"50":{"start":{"line":195,"column":4},"end":{"line":197,"column":5}},"51":{"start":{"line":196,"column":6},"end":{"line":196,"column":18}},"52":{"start":{"line":199,"column":4},"end":{"line":201,"column":5}},"53":{"start":{"line":200,"column":6},"end":{"line":200,"column":18}},"54":{"start":{"line":202,"column":4},"end":{"line":202,"column":17}},"55":{"start":{"line":215,"column":2},"end":{"line":228,"column":4}},"56":{"start":{"line":216,"column":20},"end":{"line":216,"column":22}},"57":{"start":{"line":217,"column":4},"end":{"line":226,"column":5}},"58":{"start":{"line":218,"column":6},"end":{"line":225,"column":7}},"59":{"start":{"line":219,"column":20},"end":{"line":219,"column":31}},"60":{"start":{"line":220,"column":8},"end":{"line":224,"column":9}},"61":{"start":{"line":221,"column":10},"end":{"line":221,"column":33}},"62":{"start":{"line":223,"column":10},"end":{"line":223,"column":53}},"63":{"start":{"line":227,"column":4},"end":{"line":227,"column":21}},"64":{"start":{"line":235,"column":2},"end":{"line":261,"column":4}},"65":{"start":{"line":270,"column":2},"end":{"line":289,"column":4}},"66":{"start":{"line":271,"column":4},"end":{"line":273,"column":5}},"67":{"start":{"line":272,"column":6},"end":{"line":272,"column":18}},"68":{"start":{"line":274,"column":4},"end":{"line":288,"column":5}},"69":{"start":{"line":276,"column":8},"end":{"line":276,"column":55}},"70":{"start":{"line":278,"column":8},"end":{"line":278,"column":55}},"71":{"start":{"line":280,"column":8},"end":{"line":280,"column":56}},"72":{"start":{"line":282,"column":8},"end":{"line":282,"column":55}},"73":{"start":{"line":285,"column":8},"end":{"line":285,"column":45}},"74":{"start":{"line":287,"column":8},"end":{"line":287,"column":74}},"75":{"start":{"line":296,"column":2},"end":{"line":330,"column":4}},"76":{"start":{"line":297,"column":16},"end":{"line":297,"column":20}},"77":{"start":{"line":298,"column":4},"end":{"line":329,"column":7}},"78":{"start":{"line":299,"column":17},"end":{"line":299,"column":48}},"79":{"start":{"line":300,"column":6},"end":{"line":328,"column":7}},"80":{"start":{"line":302,"column":10},"end":{"line":304,"column":11}},"81":{"start":{"line":303,"column":12},"end":{"line":303,"column":67}},"82":{"start":{"line":305,"column":10},"end":{"line":305,"column":16}},"83":{"start":{"line":307,"column":10},"end":{"line":319,"column":11}},"84":{"start":{"line":308,"column":23},"end":{"line":308,"column":25}},"85":{"start":{"line":309,"column":12},"end":{"line":313,"column":13}},"86":{"start":{"line":310,"column":14},"end":{"line":310,"column":70}},"87":{"start":{"line":312,"column":14},"end":{"line":312,"column":44}},"88":{"start":{"line":314,"column":12},"end":{"line":318,"column":13}},"89":{"start":{"line":315,"column":14},"end":{"line":315,"column":32}},"90":{"start":{"line":317,"column":14},"end":{"line":317,"column":34}},"91":{"start":{"line":320,"column":10},"end":{"line":320,"column":16}},"92":{"start":{"line":322,"column":10},"end":{"line":324,"column":11}},"93":{"start":{"line":323,"column":12},"end":{"line":323,"column":71}},"94":{"start":{"line":325,"column":10},"end":{"line":325,"column":16}},"95":{"start":{"line":327,"column":10},"end":{"line":327,"column":71}},"96":{"start":{"line":341,"column":2},"end":{"line":353,"column":4}},"97":{"start":{"line":342,"column":4},"end":{"line":344,"column":5}},"98":{"start":{"line":343,"column":6},"end":{"line":343,"column":18}},"99":{"start":{"line":347,"column":15},"end":{"line":347,"column":28}},"100":{"start":{"line":348,"column":4},"end":{"line":351,"column":5}},"101":{"start":{"line":350,"column":6},"end":{"line":350,"column":27}},"102":{"start":{"line":352,"column":4},"end":{"line":352,"column":51}},"103":{"start":{"line":372,"column":2},"end":{"line":485,"column":4}},"104":{"start":{"line":376,"column":16},"end":{"line":376,"column":20}},"105":{"start":{"line":377,"column":14},"end":{"line":377,"column":45}},"106":{"start":{"line":378,"column":18},"end":{"line":378,"column":45}},"107":{"start":{"line":381,"column":4},"end":{"line":381,"column":48}},"108":{"start":{"line":384,"column":4},"end":{"line":400,"column":5}},"109":{"start":{"line":385,"column":6},"end":{"line":399,"column":7}},"110":{"start":{"line":386,"column":20},"end":{"line":386,"column":46}},"111":{"start":{"line":387,"column":8},"end":{"line":398,"column":9}},"112":{"start":{"line":391,"column":10},"end":{"line":394,"column":11}},"113":{"start":{"line":392,"column":24},"end":{"line":392,"column":93}},"114":{"start":{"line":393,"column":12},"end":{"line":393,"column":65}},"115":{"start":{"line":397,"column":10},"end":{"line":397,"column":92}},"116":{"start":{"line":403,"column":4},"end":{"line":405,"column":5}},"117":{"start":{"line":404,"column":6},"end":{"line":404,"column":46}},"118":{"start":{"line":406,"column":4},"end":{"line":406,"column":53}},"119":{"start":{"line":409,"column":4},"end":{"line":409,"column":77}},"120":{"start":{"line":413,"column":4},"end":{"line":415,"column":5}},"121":{"start":{"line":414,"column":6},"end":{"line":414,"column":39}},"122":{"start":{"line":418,"column":4},"end":{"line":418,"column":34}},"123":{"start":{"line":420,"column":22},"end":{"line":420,"column":58}},"124":{"start":{"line":421,"column":4},"end":{"line":428,"column":5}},"125":{"start":{"line":423,"column":6},"end":{"line":425,"column":7}},"126":{"start":{"line":424,"column":8},"end":{"line":424,"column":34}},"127":{"start":{"line":426,"column":11},"end":{"line":428,"column":5}},"128":{"start":{"line":427,"column":6},"end":{"line":427,"column":39}},"129":{"start":{"line":430,"column":4},"end":{"line":446,"column":5}},"130":{"start":{"line":431,"column":6},"end":{"line":431,"column":76}},"131":{"start":{"line":432,"column":11},"end":{"line":446,"column":5}},"132":{"start":{"line":433,"column":24},"end":{"line":433,"column":56}},"133":{"start":{"line":434,"column":6},"end":{"line":443,"column":7}},"134":{"start":{"line":435,"column":8},"end":{"line":442,"column":9}},"135":{"start":{"line":436,"column":10},"end":{"line":441,"column":11}},"136":{"start":{"line":438,"column":12},"end":{"line":438,"column":50}},"137":{"start":{"line":440,"column":12},"end":{"line":440,"column":49}},"138":{"start":{"line":444,"column":11},"end":{"line":446,"column":5}},"139":{"start":{"line":445,"column":6},"end":{"line":445,"column":30}},"140":{"start":{"line":448,"column":17},"end":{"line":448,"column":48}},"141":{"start":{"line":449,"column":4},"end":{"line":451,"column":5}},"142":{"start":{"line":450,"column":6},"end":{"line":450,"column":29}},"143":{"start":{"line":453,"column":4},"end":{"line":457,"column":5}},"144":{"start":{"line":454,"column":6},"end":{"line":454,"column":35}},"145":{"start":{"line":455,"column":11},"end":{"line":457,"column":5}},"146":{"start":{"line":456,"column":6},"end":{"line":456,"column":37}},"147":{"start":{"line":460,"column":4},"end":{"line":466,"column":5}},"148":{"start":{"line":461,"column":6},"end":{"line":465,"column":7}},"149":{"start":{"line":462,"column":8},"end":{"line":462,"column":42}},"150":{"start":{"line":464,"column":8},"end":{"line":464,"column":34}},"151":{"start":{"line":468,"column":4},"end":{"line":484,"column":7}},"152":{"start":{"line":469,"column":6},"end":{"line":483,"column":9}},"153":{"start":{"line":470,"column":8},"end":{"line":482,"column":9}},"154":{"start":{"line":471,"column":10},"end":{"line":471,"column":24}},"155":{"start":{"line":473,"column":10},"end":{"line":481,"column":11}},"156":{"start":{"line":474,"column":23},"end":{"line":474,"column":62}},"157":{"start":{"line":475,"column":12},"end":{"line":477,"column":13}},"158":{"start":{"line":476,"column":14},"end":{"line":476,"column":48}},"159":{"start":{"line":478,"column":12},"end":{"line":478,"column":54}},"160":{"start":{"line":480,"column":12},"end":{"line":480,"column":24}},"161":{"start":{"line":492,"column":2},"end":{"line":494,"column":4}},"162":{"start":{"line":493,"column":4},"end":{"line":493,"column":44}},"163":{"start":{"line":505,"column":2},"end":{"line":559,"column":4}},"164":{"start":{"line":506,"column":4},"end":{"line":507,"column":18}},"165":{"start":{"line":507,"column":6},"end":{"line":507,"column":18}},"166":{"start":{"line":509,"column":4},"end":{"line":558,"column":5}},"167":{"start":{"line":511,"column":8},"end":{"line":511,"column":29}},"168":{"start":{"line":513,"column":8},"end":{"line":513,"column":34}},"169":{"start":{"line":515,"column":8},"end":{"line":515,"column":32}},"170":{"start":{"line":517,"column":8},"end":{"line":517,"column":28}},"171":{"start":{"line":519,"column":8},"end":{"line":519,"column":44}},"172":{"start":{"line":521,"column":7},"end":{"line":521,"column":19}},"173":{"start":{"line":523,"column":8},"end":{"line":557,"column":9}},"174":{"start":{"line":525,"column":10},"end":{"line":525,"column":22}},"175":{"start":{"line":526,"column":15},"end":{"line":557,"column":9}},"176":{"start":{"line":528,"column":10},"end":{"line":528,"column":48}},"177":{"start":{"line":529,"column":15},"end":{"line":557,"column":9}},"178":{"start":{"line":531,"column":25},"end":{"line":531,"column":32}},"179":{"start":{"line":532,"column":10},"end":{"line":534,"column":13}},"180":{"start":{"line":533,"column":12},"end":{"line":533,"column":57}},"181":{"start":{"line":535,"column":15},"end":{"line":557,"column":9}},"182":{"start":{"line":538,"column":10},"end":{"line":544,"column":11}},"183":{"start":{"line":539,"column":12},"end":{"line":543,"column":13}},"184":{"start":{"line":540,"column":14},"end":{"line":540,"column":26}},"185":{"start":{"line":541,"column":14},"end":{"line":541,"column":34}},"186":{"start":{"line":542,"column":14},"end":{"line":542,"column":20}},"187":{"start":{"line":545,"column":23},"end":{"line":545,"column":25}},"188":{"start":{"line":546,"column":10},"end":{"line":552,"column":11}},"189":{"start":{"line":547,"column":12},"end":{"line":551,"column":13}},"190":{"start":{"line":548,"column":24},"end":{"line":548,"column":57}},"191":{"start":{"line":549,"column":26},"end":{"line":549,"column":67}},"192":{"start":{"line":550,"column":14},"end":{"line":550,"column":34}},"193":{"start":{"line":553,"column":10},"end":{"line":553,"column":24}},"194":{"start":{"line":556,"column":10},"end":{"line":556,"column":22}},"195":{"start":{"line":566,"column":2},"end":{"line":578,"column":4}},"196":{"start":{"line":567,"column":4},"end":{"line":577,"column":5}},"197":{"start":{"line":568,"column":6},"end":{"line":571,"column":7}},"198":{"start":{"line":569,"column":8},"end":{"line":570,"column":60}},"199":{"start":{"line":570,"column":10},"end":{"line":570,"column":60}},"200":{"start":{"line":573,"column":6},"end":{"line":576,"column":7}},"201":{"start":{"line":574,"column":8},"end":{"line":575,"column":60}},"202":{"start":{"line":575,"column":10},"end":{"line":575,"column":60}},"203":{"start":{"line":584,"column":2},"end":{"line":584,"column":35}},"204":{"start":{"line":586,"column":2},"end":{"line":586,"column":17}}},"fnMap":{"0":{"name":"(anonymous_0)","decl":{"start":{"line":17,"column":1},"end":{"line":17,"column":2}},"loc":{"start":{"line":17,"column":25},"end":{"line":31,"column":1}},"line":17},"1":{"name":"(anonymous_1)","decl":{"start":{"line":31,"column":8},"end":{"line":31,"column":9}},"loc":{"start":{"line":31,"column":42},"end":{"line":587,"column":1}},"line":31},"2":{"name":"(anonymous_2)","decl":{"start":{"line":46,"column":16},"end":{"line":46,"column":17}},"loc":{"start":{"line":46,"column":27},"end":{"line":103,"column":3}},"line":46},"3":{"name":"(anonymous_3)","decl":{"start":{"line":110,"column":36},"end":{"line":110,"column":37}},"loc":{"start":{"line":110,"column":52},"end":{"line":118,"column":3}},"line":110},"4":{"name":"(anonymous_4)","decl":{"start":{"line":127,"column":31},"end":{"line":127,"column":32}},"loc":{"start":{"line":127,"column":58},"end":{"line":143,"column":3}},"line":127},"5":{"name":"(anonymous_5)","decl":{"start":{"line":133,"column":39},"end":{"line":133,"column":40}},"loc":{"start":{"line":133,"column":64},"end":{"line":141,"column":5}},"line":133},"6":{"name":"(anonymous_6)","decl":{"start":{"line":156,"column":33},"end":{"line":156,"column":34}},"loc":{"start":{"line":156,"column":55},"end":{"line":158,"column":3}},"line":156},"7":{"name":"(anonymous_7)","decl":{"start":{"line":165,"column":40},"end":{"line":165,"column":41}},"loc":{"start":{"line":165,"column":63},"end":{"line":172,"column":3}},"line":165},"8":{"name":"(anonymous_8)","decl":{"start":{"line":179,"column":34},"end":{"line":179,"column":35}},"loc":{"start":{"line":179,"column":50},"end":{"line":203,"column":3}},"line":179},"9":{"name":"(anonymous_9)","decl":{"start":{"line":215,"column":38},"end":{"line":215,"column":39}},"loc":{"start":{"line":215,"column":55},"end":{"line":228,"column":3}},"line":215},"10":{"name":"buildCollectionParam","decl":{"start":{"line":270,"column":52},"end":{"line":270,"column":72}},"loc":{"start":{"line":270,"column":98},"end":{"line":289,"column":3}},"line":270},"11":{"name":"(anonymous_11)","decl":{"start":{"line":296,"column":41},"end":{"line":296,"column":42}},"loc":{"start":{"line":296,"column":70},"end":{"line":330,"column":3}},"line":296},"12":{"name":"(anonymous_12)","decl":{"start":{"line":298,"column":22},"end":{"line":298,"column":23}},"loc":{"start":{"line":298,"column":41},"end":{"line":329,"column":5}},"line":298},"13":{"name":"deserialize","decl":{"start":{"line":341,"column":43},"end":{"line":341,"column":54}},"loc":{"start":{"line":341,"column":77},"end":{"line":353,"column":3}},"line":341},"14":{"name":"callApi","decl":{"start":{"line":372,"column":39},"end":{"line":372,"column":46}},"loc":{"start":{"line":374,"column":16},"end":{"line":485,"column":3}},"line":374},"15":{"name":"(anonymous_15)","decl":{"start":{"line":468,"column":23},"end":{"line":468,"column":24}},"loc":{"start":{"line":468,"column":49},"end":{"line":484,"column":5}},"line":468},"16":{"name":"(anonymous_16)","decl":{"start":{"line":469,"column":18},"end":{"line":469,"column":19}},"loc":{"start":{"line":469,"column":44},"end":{"line":483,"column":7}},"line":469},"17":{"name":"(anonymous_17)","decl":{"start":{"line":492,"column":22},"end":{"line":492,"column":23}},"loc":{"start":{"line":492,"column":36},"end":{"line":494,"column":3}},"line":492},"18":{"name":"(anonymous_18)","decl":{"start":{"line":505,"column":26},"end":{"line":505,"column":27}},"loc":{"start":{"line":505,"column":47},"end":{"line":559,"column":3}},"line":505},"19":{"name":"(anonymous_19)","decl":{"start":{"line":532,"column":26},"end":{"line":532,"column":27}},"loc":{"start":{"line":532,"column":41},"end":{"line":534,"column":11}},"line":532},"20":{"name":"(anonymous_20)","decl":{"start":{"line":566,"column":32},"end":{"line":566,"column":33}},"loc":{"start":{"line":566,"column":62},"end":{"line":578,"column":3}},"line":566}},"branchMap":{"0":{"loc":{"start":{"line":18,"column":2},"end":{"line":30,"column":3}},"type":"if","locations":[{"start":{"line":18,"column":2},"end":{"line":30,"column":3}},{"start":{"line":18,"column":2},"end":{"line":30,"column":3}}],"line":18},"1":{"loc":{"start":{"line":18,"column":6},"end":{"line":18,"column":48}},"type":"binary-expr","locations":[{"start":{"line":18,"column":6},"end":{"line":18,"column":34}},{"start":{"line":18,"column":38},"end":{"line":18,"column":48}}],"line":18},"2":{"loc":{"start":{"line":21,"column":9},"end":{"line":30,"column":3}},"type":"if","locations":[{"start":{"line":21,"column":9},"end":{"line":30,"column":3}},{"start":{"line":21,"column":9},"end":{"line":30,"column":3}}],"line":21},"3":{"loc":{"start":{"line":21,"column":13},"end":{"line":21,"column":57}},"type":"binary-expr","locations":[{"start":{"line":21,"column":13},"end":{"line":21,"column":39}},{"start":{"line":21,"column":43},"end":{"line":21,"column":57}}],"line":21},"4":{"loc":{"start":{"line":26,"column":4},"end":{"line":28,"column":5}},"type":"if","locations":[{"start":{"line":26,"column":4},"end":{"line":28,"column":5}},{"start":{"line":26,"column":4},"end":{"line":28,"column":5}}],"line":26},"5":{"loc":{"start":{"line":95,"column":4},"end":{"line":97,"column":5}},"type":"if","locations":[{"start":{"line":95,"column":4},"end":{"line":97,"column":5}},{"start":{"line":95,"column":4},"end":{"line":97,"column":5}}],"line":95},"6":{"loc":{"start":{"line":111,"column":4},"end":{"line":113,"column":5}},"type":"if","locations":[{"start":{"line":111,"column":4},"end":{"line":113,"column":5}},{"start":{"line":111,"column":4},"end":{"line":113,"column":5}}],"line":111},"7":{"loc":{"start":{"line":111,"column":8},"end":{"line":111,"column":43}},"type":"binary-expr","locations":[{"start":{"line":111,"column":8},"end":{"line":111,"column":26}},{"start":{"line":111,"column":30},"end":{"line":111,"column":43}}],"line":111},"8":{"loc":{"start":{"line":114,"column":4},"end":{"line":116,"column":5}},"type":"if","locations":[{"start":{"line":114,"column":4},"end":{"line":116,"column":5}},{"start":{"line":114,"column":4},"end":{"line":116,"column":5}}],"line":114},"9":{"loc":{"start":{"line":128,"column":4},"end":{"line":130,"column":5}},"type":"if","locations":[{"start":{"line":128,"column":4},"end":{"line":130,"column":5}},{"start":{"line":128,"column":4},"end":{"line":130,"column":5}}],"line":128},"10":{"loc":{"start":{"line":135,"column":6},"end":{"line":139,"column":7}},"type":"if","locations":[{"start":{"line":135,"column":6},"end":{"line":139,"column":7}},{"start":{"line":135,"column":6},"end":{"line":139,"column":7}}],"line":135},"11":{"loc":{"start":{"line":157,"column":19},"end":{"line":157,"column":89}},"type":"binary-expr","locations":[{"start":{"line":157,"column":19},"end":{"line":157,"column":38}},{"start":{"line":157,"column":42},"end":{"line":157,"column":89}}],"line":157},"12":{"loc":{"start":{"line":167,"column":6},"end":{"line":169,"column":7}},"type":"if","locations":[{"start":{"line":167,"column":6},"end":{"line":169,"column":7}},{"start":{"line":167,"column":6},"end":{"line":169,"column":7}}],"line":167},"13":{"loc":{"start":{"line":181,"column":4},"end":{"line":189,"column":5}},"type":"if","locations":[{"start":{"line":181,"column":4},"end":{"line":189,"column":5}},{"start":{"line":181,"column":4},"end":{"line":189,"column":5}}],"line":181},"14":{"loc":{"start":{"line":186,"column":6},"end":{"line":188,"column":7}},"type":"if","locations":[{"start":{"line":186,"column":6},"end":{"line":188,"column":7}},{"start":{"line":186,"column":6},"end":{"line":188,"column":7}}],"line":186},"15":{"loc":{"start":{"line":186,"column":10},"end":{"line":186,"column":63}},"type":"binary-expr","locations":[{"start":{"line":186,"column":10},"end":{"line":186,"column":12}},{"start":{"line":186,"column":16},"end":{"line":186,"column":29}},{"start":{"line":186,"column":33},"end":{"line":186,"column":63}}],"line":186},"16":{"loc":{"start":{"line":191,"column":4},"end":{"line":193,"column":5}},"type":"if","locations":[{"start":{"line":191,"column":4},"end":{"line":193,"column":5}},{"start":{"line":191,"column":4},"end":{"line":193,"column":5}}],"line":191},"17":{"loc":{"start":{"line":191,"column":8},"end":{"line":191,"column":63}},"type":"binary-expr","locations":[{"start":{"line":191,"column":8},"end":{"line":191,"column":36}},{"start":{"line":191,"column":40},"end":{"line":191,"column":63}}],"line":191},"18":{"loc":{"start":{"line":195,"column":4},"end":{"line":197,"column":5}},"type":"if","locations":[{"start":{"line":195,"column":4},"end":{"line":197,"column":5}},{"start":{"line":195,"column":4},"end":{"line":197,"column":5}}],"line":195},"19":{"loc":{"start":{"line":195,"column":8},"end":{"line":195,"column":59}},"type":"binary-expr","locations":[{"start":{"line":195,"column":8},"end":{"line":195,"column":34}},{"start":{"line":195,"column":38},"end":{"line":195,"column":59}}],"line":195},"20":{"loc":{"start":{"line":199,"column":4},"end":{"line":201,"column":5}},"type":"if","locations":[{"start":{"line":199,"column":4},"end":{"line":201,"column":5}},{"start":{"line":199,"column":4},"end":{"line":201,"column":5}}],"line":199},"21":{"loc":{"start":{"line":199,"column":8},"end":{"line":199,"column":59}},"type":"binary-expr","locations":[{"start":{"line":199,"column":8},"end":{"line":199,"column":34}},{"start":{"line":199,"column":38},"end":{"line":199,"column":59}}],"line":199},"22":{"loc":{"start":{"line":218,"column":6},"end":{"line":225,"column":7}},"type":"if","locations":[{"start":{"line":218,"column":6},"end":{"line":225,"column":7}},{"start":{"line":218,"column":6},"end":{"line":225,"column":7}}],"line":218},"23":{"loc":{"start":{"line":218,"column":10},"end":{"line":218,"column":87}},"type":"binary-expr","locations":[{"start":{"line":218,"column":10},"end":{"line":218,"column":36}},{"start":{"line":218,"column":40},"end":{"line":218,"column":64}},{"start":{"line":218,"column":68},"end":{"line":218,"column":87}}],"line":218},"24":{"loc":{"start":{"line":220,"column":8},"end":{"line":224,"column":9}},"type":"if","locations":[{"start":{"line":220,"column":8},"end":{"line":224,"column":9}},{"start":{"line":220,"column":8},"end":{"line":224,"column":9}}],"line":220},"25":{"loc":{"start":{"line":220,"column":12},"end":{"line":220,"column":59}},"type":"binary-expr","locations":[{"start":{"line":220,"column":12},"end":{"line":220,"column":35}},{"start":{"line":220,"column":39},"end":{"line":220,"column":59}}],"line":220},"26":{"loc":{"start":{"line":271,"column":4},"end":{"line":273,"column":5}},"type":"if","locations":[{"start":{"line":271,"column":4},"end":{"line":273,"column":5}},{"start":{"line":271,"column":4},"end":{"line":273,"column":5}}],"line":271},"27":{"loc":{"start":{"line":274,"column":4},"end":{"line":288,"column":5}},"type":"switch","locations":[{"start":{"line":275,"column":6},"end":{"line":276,"column":55}},{"start":{"line":277,"column":6},"end":{"line":278,"column":55}},{"start":{"line":279,"column":6},"end":{"line":280,"column":56}},{"start":{"line":281,"column":6},"end":{"line":282,"column":55}},{"start":{"line":283,"column":6},"end":{"line":285,"column":45}},{"start":{"line":286,"column":6},"end":{"line":287,"column":74}}],"line":274},"28":{"loc":{"start":{"line":300,"column":6},"end":{"line":328,"column":7}},"type":"switch","locations":[{"start":{"line":301,"column":8},"end":{"line":305,"column":16}},{"start":{"line":306,"column":8},"end":{"line":320,"column":16}},{"start":{"line":321,"column":8},"end":{"line":325,"column":16}},{"start":{"line":326,"column":8},"end":{"line":327,"column":71}}],"line":300},"29":{"loc":{"start":{"line":302,"column":10},"end":{"line":304,"column":11}},"type":"if","locations":[{"start":{"line":302,"column":10},"end":{"line":304,"column":11}},{"start":{"line":302,"column":10},"end":{"line":304,"column":11}}],"line":302},"30":{"loc":{"start":{"line":302,"column":14},"end":{"line":302,"column":44}},"type":"binary-expr","locations":[{"start":{"line":302,"column":14},"end":{"line":302,"column":27}},{"start":{"line":302,"column":31},"end":{"line":302,"column":44}}],"line":302},"31":{"loc":{"start":{"line":303,"column":25},"end":{"line":303,"column":44}},"type":"binary-expr","locations":[{"start":{"line":303,"column":25},"end":{"line":303,"column":38}},{"start":{"line":303,"column":42},"end":{"line":303,"column":44}}],"line":303},"32":{"loc":{"start":{"line":303,"column":46},"end":{"line":303,"column":65}},"type":"binary-expr","locations":[{"start":{"line":303,"column":46},"end":{"line":303,"column":59}},{"start":{"line":303,"column":63},"end":{"line":303,"column":65}}],"line":303},"33":{"loc":{"start":{"line":307,"column":10},"end":{"line":319,"column":11}},"type":"if","locations":[{"start":{"line":307,"column":10},"end":{"line":319,"column":11}},{"start":{"line":307,"column":10},"end":{"line":319,"column":11}}],"line":307},"34":{"loc":{"start":{"line":309,"column":12},"end":{"line":313,"column":13}},"type":"if","locations":[{"start":{"line":309,"column":12},"end":{"line":313,"column":13}},{"start":{"line":309,"column":12},"end":{"line":313,"column":13}}],"line":309},"35":{"loc":{"start":{"line":314,"column":12},"end":{"line":318,"column":13}},"type":"if","locations":[{"start":{"line":314,"column":12},"end":{"line":318,"column":13}},{"start":{"line":314,"column":12},"end":{"line":318,"column":13}}],"line":314},"36":{"loc":{"start":{"line":322,"column":10},"end":{"line":324,"column":11}},"type":"if","locations":[{"start":{"line":322,"column":10},"end":{"line":324,"column":11}},{"start":{"line":322,"column":10},"end":{"line":324,"column":11}}],"line":322},"37":{"loc":{"start":{"line":342,"column":4},"end":{"line":344,"column":5}},"type":"if","locations":[{"start":{"line":342,"column":4},"end":{"line":344,"column":5}},{"start":{"line":342,"column":4},"end":{"line":344,"column":5}}],"line":342},"38":{"loc":{"start":{"line":342,"column":8},"end":{"line":342,"column":72}},"type":"binary-expr","locations":[{"start":{"line":342,"column":8},"end":{"line":342,"column":24}},{"start":{"line":342,"column":28},"end":{"line":342,"column":46}},{"start":{"line":342,"column":50},"end":{"line":342,"column":72}}],"line":342},"39":{"loc":{"start":{"line":348,"column":4},"end":{"line":351,"column":5}},"type":"if","locations":[{"start":{"line":348,"column":4},"end":{"line":351,"column":5}},{"start":{"line":348,"column":4},"end":{"line":351,"column":5}}],"line":348},"40":{"loc":{"start":{"line":348,"column":8},"end":{"line":348,"column":117}},"type":"binary-expr","locations":[{"start":{"line":348,"column":8},"end":{"line":348,"column":20}},{"start":{"line":348,"column":25},"end":{"line":348,"column":49}},{"start":{"line":348,"column":53},"end":{"line":348,"column":87}},{"start":{"line":348,"column":91},"end":{"line":348,"column":116}}],"line":348},"41":{"loc":{"start":{"line":385,"column":6},"end":{"line":399,"column":7}},"type":"if","locations":[{"start":{"line":385,"column":6},"end":{"line":399,"column":7}},{"start":{"line":385,"column":6},"end":{"line":399,"column":7}}],"line":385},"42":{"loc":{"start":{"line":387,"column":8},"end":{"line":398,"column":9}},"type":"if","locations":[{"start":{"line":387,"column":8},"end":{"line":398,"column":9}},{"start":{"line":387,"column":8},"end":{"line":398,"column":9}}],"line":387},"43":{"loc":{"start":{"line":391,"column":10},"end":{"line":394,"column":11}},"type":"if","locations":[{"start":{"line":391,"column":10},"end":{"line":394,"column":11}},{"start":{"line":391,"column":10},"end":{"line":394,"column":11}}],"line":391},"44":{"loc":{"start":{"line":403,"column":4},"end":{"line":405,"column":5}},"type":"if","locations":[{"start":{"line":403,"column":4},"end":{"line":405,"column":5}},{"start":{"line":403,"column":4},"end":{"line":405,"column":5}}],"line":403},"45":{"loc":{"start":{"line":403,"column":8},"end":{"line":403,"column":66}},"type":"binary-expr","locations":[{"start":{"line":403,"column":8},"end":{"line":403,"column":42}},{"start":{"line":403,"column":46},"end":{"line":403,"column":66}}],"line":403},"46":{"loc":{"start":{"line":413,"column":4},"end":{"line":415,"column":5}},"type":"if","locations":[{"start":{"line":413,"column":4},"end":{"line":415,"column":5}},{"start":{"line":413,"column":4},"end":{"line":415,"column":5}}],"line":413},"47":{"loc":{"start":{"line":421,"column":4},"end":{"line":428,"column":5}},"type":"if","locations":[{"start":{"line":421,"column":4},"end":{"line":428,"column":5}},{"start":{"line":421,"column":4},"end":{"line":428,"column":5}}],"line":421},"48":{"loc":{"start":{"line":423,"column":6},"end":{"line":425,"column":7}},"type":"if","locations":[{"start":{"line":423,"column":6},"end":{"line":425,"column":7}},{"start":{"line":423,"column":6},"end":{"line":425,"column":7}}],"line":423},"49":{"loc":{"start":{"line":426,"column":11},"end":{"line":428,"column":5}},"type":"if","locations":[{"start":{"line":426,"column":11},"end":{"line":428,"column":5}},{"start":{"line":426,"column":11},"end":{"line":428,"column":5}}],"line":426},"50":{"loc":{"start":{"line":430,"column":4},"end":{"line":446,"column":5}},"type":"if","locations":[{"start":{"line":430,"column":4},"end":{"line":446,"column":5}},{"start":{"line":430,"column":4},"end":{"line":446,"column":5}}],"line":430},"51":{"loc":{"start":{"line":432,"column":11},"end":{"line":446,"column":5}},"type":"if","locations":[{"start":{"line":432,"column":11},"end":{"line":446,"column":5}},{"start":{"line":432,"column":11},"end":{"line":446,"column":5}}],"line":432},"52":{"loc":{"start":{"line":435,"column":8},"end":{"line":442,"column":9}},"type":"if","locations":[{"start":{"line":435,"column":8},"end":{"line":442,"column":9}},{"start":{"line":435,"column":8},"end":{"line":442,"column":9}}],"line":435},"53":{"loc":{"start":{"line":436,"column":10},"end":{"line":441,"column":11}},"type":"if","locations":[{"start":{"line":436,"column":10},"end":{"line":441,"column":11}},{"start":{"line":436,"column":10},"end":{"line":441,"column":11}}],"line":436},"54":{"loc":{"start":{"line":444,"column":11},"end":{"line":446,"column":5}},"type":"if","locations":[{"start":{"line":444,"column":11},"end":{"line":446,"column":5}},{"start":{"line":444,"column":11},"end":{"line":446,"column":5}}],"line":444},"55":{"loc":{"start":{"line":449,"column":4},"end":{"line":451,"column":5}},"type":"if","locations":[{"start":{"line":449,"column":4},"end":{"line":451,"column":5}},{"start":{"line":449,"column":4},"end":{"line":451,"column":5}}],"line":449},"56":{"loc":{"start":{"line":453,"column":4},"end":{"line":457,"column":5}},"type":"if","locations":[{"start":{"line":453,"column":4},"end":{"line":457,"column":5}},{"start":{"line":453,"column":4},"end":{"line":457,"column":5}}],"line":453},"57":{"loc":{"start":{"line":455,"column":11},"end":{"line":457,"column":5}},"type":"if","locations":[{"start":{"line":455,"column":11},"end":{"line":457,"column":5}},{"start":{"line":455,"column":11},"end":{"line":457,"column":5}}],"line":455},"58":{"loc":{"start":{"line":460,"column":4},"end":{"line":466,"column":5}},"type":"if","locations":[{"start":{"line":460,"column":4},"end":{"line":466,"column":5}},{"start":{"line":460,"column":4},"end":{"line":466,"column":5}}],"line":460},"59":{"loc":{"start":{"line":461,"column":6},"end":{"line":465,"column":7}},"type":"if","locations":[{"start":{"line":461,"column":6},"end":{"line":465,"column":7}},{"start":{"line":461,"column":6},"end":{"line":465,"column":7}}],"line":461},"60":{"loc":{"start":{"line":470,"column":8},"end":{"line":482,"column":9}},"type":"if","locations":[{"start":{"line":470,"column":8},"end":{"line":482,"column":9}},{"start":{"line":470,"column":8},"end":{"line":482,"column":9}}],"line":470},"61":{"loc":{"start":{"line":475,"column":12},"end":{"line":477,"column":13}},"type":"if","locations":[{"start":{"line":475,"column":12},"end":{"line":477,"column":13}},{"start":{"line":475,"column":12},"end":{"line":477,"column":13}}],"line":475},"62":{"loc":{"start":{"line":475,"column":16},"end":{"line":475,"column":68}},"type":"binary-expr","locations":[{"start":{"line":475,"column":16},"end":{"line":475,"column":35}},{"start":{"line":475,"column":39},"end":{"line":475,"column":68}}],"line":475},"63":{"loc":{"start":{"line":506,"column":4},"end":{"line":507,"column":18}},"type":"if","locations":[{"start":{"line":506,"column":4},"end":{"line":507,"column":18}},{"start":{"line":506,"column":4},"end":{"line":507,"column":18}}],"line":506},"64":{"loc":{"start":{"line":506,"column":8},"end":{"line":506,"column":43}},"type":"binary-expr","locations":[{"start":{"line":506,"column":8},"end":{"line":506,"column":21}},{"start":{"line":506,"column":25},"end":{"line":506,"column":43}}],"line":506},"65":{"loc":{"start":{"line":509,"column":4},"end":{"line":558,"column":5}},"type":"switch","locations":[{"start":{"line":510,"column":6},"end":{"line":511,"column":29}},{"start":{"line":512,"column":6},"end":{"line":513,"column":34}},{"start":{"line":514,"column":6},"end":{"line":515,"column":32}},{"start":{"line":516,"column":6},"end":{"line":517,"column":28}},{"start":{"line":518,"column":6},"end":{"line":519,"column":44}},{"start":{"line":520,"column":6},"end":{"line":521,"column":19}},{"start":{"line":522,"column":6},"end":{"line":557,"column":9}}],"line":509},"66":{"loc":{"start":{"line":523,"column":8},"end":{"line":557,"column":9}},"type":"if","locations":[{"start":{"line":523,"column":8},"end":{"line":557,"column":9}},{"start":{"line":523,"column":8},"end":{"line":557,"column":9}}],"line":523},"67":{"loc":{"start":{"line":526,"column":15},"end":{"line":557,"column":9}},"type":"if","locations":[{"start":{"line":526,"column":15},"end":{"line":557,"column":9}},{"start":{"line":526,"column":15},"end":{"line":557,"column":9}}],"line":526},"68":{"loc":{"start":{"line":529,"column":15},"end":{"line":557,"column":9}},"type":"if","locations":[{"start":{"line":529,"column":15},"end":{"line":557,"column":9}},{"start":{"line":529,"column":15},"end":{"line":557,"column":9}}],"line":529},"69":{"loc":{"start":{"line":535,"column":15},"end":{"line":557,"column":9}},"type":"if","locations":[{"start":{"line":535,"column":15},"end":{"line":557,"column":9}},{"start":{"line":535,"column":15},"end":{"line":557,"column":9}}],"line":535},"70":{"loc":{"start":{"line":539,"column":12},"end":{"line":543,"column":13}},"type":"if","locations":[{"start":{"line":539,"column":12},"end":{"line":543,"column":13}},{"start":{"line":539,"column":12},"end":{"line":543,"column":13}}],"line":539},"71":{"loc":{"start":{"line":547,"column":12},"end":{"line":551,"column":13}},"type":"if","locations":[{"start":{"line":547,"column":12},"end":{"line":551,"column":13}},{"start":{"line":547,"column":12},"end":{"line":551,"column":13}}],"line":547},"72":{"loc":{"start":{"line":567,"column":4},"end":{"line":577,"column":5}},"type":"if","locations":[{"start":{"line":567,"column":4},"end":{"line":577,"column":5}},{"start":{"line":567,"column":4},"end":{"line":577,"column":5}}],"line":567},"73":{"loc":{"start":{"line":569,"column":8},"end":{"line":570,"column":60}},"type":"if","locations":[{"start":{"line":569,"column":8},"end":{"line":570,"column":60}},{"start":{"line":569,"column":8},"end":{"line":570,"column":60}}],"line":569},"74":{"loc":{"start":{"line":574,"column":8},"end":{"line":575,"column":60}},"type":"if","locations":[{"start":{"line":574,"column":8},"end":{"line":575,"column":60}},{"start":{"line":574,"column":8},"end":{"line":575,"column":60}}],"line":574}},"s":{"0":1,"1":1,"2":0,"3":1,"4":1,"5":0,"6":0,"7":0,"8":1,"9":1,"10":1,"11":1,"12":1,"13":1,"14":1,"15":1,"16":1,"17":1,"18":1,"19":0,"20":0,"21":0,"22":0,"23":0,"24":1,"25":0,"26":0,"27":0,"28":0,"29":0,"30":0,"31":0,"32":0,"33":0,"34":0,"35":1,"36":0,"37":1,"38":0,"39":0,"40":0,"41":0,"42":1,"43":0,"44":0,"45":0,"46":0,"47":0,"48":0,"49":0,"50":0,"51":0,"52":0,"53":0,"54":0,"55":1,"56":0,"57":0,"58":0,"59":0,"60":0,"61":0,"62":0,"63":0,"64":1,"65":1,"66":0,"67":0,"68":0,"69":0,"70":0,"71":0,"72":0,"73":0,"74":0,"75":1,"76":0,"77":0,"78":0,"79":0,"80":0,"81":0,"82":0,"83":0,"84":0,"85":0,"86":0,"87":0,"88":0,"89":0,"90":0,"91":0,"92":0,"93":0,"94":0,"95":0,"96":1,"97":0,"98":0,"99":0,"100":0,"101":0,"102":0,"103":1,"104":0,"105":0,"106":0,"107":0,"108":0,"109":0,"110":0,"111":0,"112":0,"113":0,"114":0,"115":0,"116":0,"117":0,"118":0,"119":0,"120":0,"121":0,"122":0,"123":0,"124":0,"125":0,"126":0,"127":0,"128":0,"129":0,"130":0,"131":0,"132":0,"133":0,"134":0,"135":0,"136":0,"137":0,"138":0,"139":0,"140":0,"141":0,"142":0,"143":0,"144":0,"145":0,"146":0,"147":0,"148":0,"149":0,"150":0,"151":0,"152":0,"153":0,"154":0,"155":0,"156":0,"157":0,"158":0,"159":0,"160":0,"161":1,"162":0,"163":1,"164":0,"165":0,"166":0,"167":0,"168":0,"169":0,"170":0,"171":0,"172":0,"173":0,"174":0,"175":0,"176":0,"177":0,"178":0,"179":0,"180":0,"181":0,"182":0,"183":0,"184":0,"185":0,"186":0,"187":0,"188":0,"189":0,"190":0,"191":0,"192":0,"193":0,"194":0,"195":1,"196":0,"197":0,"198":0,"199":0,"200":0,"201":0,"202":0,"203":1,"204":1},"f":{"0":1,"1":1,"2":1,"3":0,"4":0,"5":0,"6":0,"7":0,"8":0,"9":0,"10":0,"11":0,"12":0,"13":0,"14":0,"15":0,"16":0,"17":0,"18":0,"19":0,"20":0},"b":{"0":[0,1],"1":[1,0],"2":[1,0],"3":[1,1],"4":[0,0],"5":[1,0],"6":[0,0],"7":[0,0],"8":[0,0],"9":[0,0],"10":[0,0],"11":[0,0],"12":[0,0],"13":[0,0],"14":[0,0],"15":[0,0,0],"16":[0,0],"17":[0,0],"18":[0,0],"19":[0,0],"20":[0,0],"21":[0,0],"22":[0,0],"23":[0,0,0],"24":[0,0],"25":[0,0],"26":[0,0],"27":[0,0,0,0,0,0],"28":[0,0,0,0],"29":[0,0],"30":[0,0],"31":[0,0],"32":[0,0],"33":[0,0],"34":[0,0],"35":[0,0],"36":[0,0],"37":[0,0],"38":[0,0,0],"39":[0,0],"40":[0,0,0,0],"41":[0,0],"42":[0,0],"43":[0,0],"44":[0,0],"45":[0,0],"46":[0,0],"47":[0,0],"48":[0,0],"49":[0,0],"50":[0,0],"51":[0,0],"52":[0,0],"53":[0,0],"54":[0,0],"55":[0,0],"56":[0,0],"57":[0,0],"58":[0,0],"59":[0,0],"60":[0,0],"61":[0,0],"62":[0,0],"63":[0,0],"64":[0,0],"65":[0,0,0,0,0,0,0],"66":[0,0],"67":[0,0],"68":[0,0],"69":[0,0],"70":[0,0],"71":[0,0],"72":[0,0],"73":[0,0],"74":[0,0]},"_coverageSchema":"43e27e138ebf9cfc5966b082cf9a028302ed4184","hash":"6d2952500c6d8299d9a6cb5e766ba83f526328b5","contentHash":"396de9115fca8b6cc6ffb4a12e6a9b17"},"/home/pato/Workspace/Netbeans/NetBeansProjects/Intellidrone/javascript-api-client/src/models/Actividades.js":{"path":"/home/pato/Workspace/Netbeans/NetBeansProjects/Intellidrone/javascript-api-client/src/models/Actividades.js","statementMap":{"0":{"start":{"line":17,"column":0},"end":{"line":168,"column":4}},"1":{"start":{"line":18,"column":2},"end":{"line":30,"column":3}},"2":{"start":{"line":20,"column":4},"end":{"line":20,"column":53}},"3":{"start":{"line":21,"column":9},"end":{"line":30,"column":3}},"4":{"start":{"line":23,"column":4},"end":{"line":23,"column":74}},"5":{"start":{"line":26,"column":4},"end":{"line":28,"column":5}},"6":{"start":{"line":27,"column":6},"end":{"line":27,"column":43}},"7":{"start":{"line":29,"column":4},"end":{"line":29,"column":140}},"8":{"start":{"line":46,"column":16},"end":{"line":50,"column":3}},"9":{"start":{"line":47,"column":16},"end":{"line":47,"column":20}},"10":{"start":{"line":59,"column":2},"end":{"line":107,"column":4}},"11":{"start":{"line":60,"column":4},"end":{"line":105,"column":5}},"12":{"start":{"line":61,"column":6},"end":{"line":61,"column":33}},"13":{"start":{"line":63,"column":6},"end":{"line":65,"column":7}},"14":{"start":{"line":64,"column":8},"end":{"line":64,"column":68}},"15":{"start":{"line":66,"column":6},"end":{"line":68,"column":7}},"16":{"start":{"line":67,"column":8},"end":{"line":67,"column":80}},"17":{"start":{"line":69,"column":6},"end":{"line":71,"column":7}},"18":{"start":{"line":70,"column":8},"end":{"line":70,"column":78}},"19":{"start":{"line":72,"column":6},"end":{"line":74,"column":7}},"20":{"start":{"line":73,"column":8},"end":{"line":73,"column":80}},"21":{"start":{"line":75,"column":6},"end":{"line":77,"column":7}},"22":{"start":{"line":76,"column":8},"end":{"line":76,"column":76}},"23":{"start":{"line":78,"column":6},"end":{"line":80,"column":7}},"24":{"start":{"line":79,"column":8},"end":{"line":79,"column":62}},"25":{"start":{"line":81,"column":6},"end":{"line":83,"column":7}},"26":{"start":{"line":82,"column":8},"end":{"line":82,"column":80}},"27":{"start":{"line":84,"column":6},"end":{"line":86,"column":7}},"28":{"start":{"line":85,"column":8},"end":{"line":85,"column":86}},"29":{"start":{"line":87,"column":6},"end":{"line":89,"column":7}},"30":{"start":{"line":88,"column":8},"end":{"line":88,"column":70}},"31":{"start":{"line":90,"column":6},"end":{"line":92,"column":7}},"32":{"start":{"line":91,"column":8},"end":{"line":91,"column":82}},"33":{"start":{"line":93,"column":6},"end":{"line":95,"column":7}},"34":{"start":{"line":94,"column":8},"end":{"line":94,"column":74}},"35":{"start":{"line":96,"column":6},"end":{"line":98,"column":7}},"36":{"start":{"line":97,"column":8},"end":{"line":97,"column":76}},"37":{"start":{"line":99,"column":6},"end":{"line":101,"column":7}},"38":{"start":{"line":100,"column":8},"end":{"line":100,"column":68}},"39":{"start":{"line":102,"column":6},"end":{"line":104,"column":7}},"40":{"start":{"line":103,"column":8},"end":{"line":103,"column":100}},"41":{"start":{"line":106,"column":4},"end":{"line":106,"column":15}},"42":{"start":{"line":112,"column":2},"end":{"line":112,"column":39}},"43":{"start":{"line":116,"column":2},"end":{"line":116,"column":46}},"44":{"start":{"line":120,"column":2},"end":{"line":120,"column":44}},"45":{"start":{"line":124,"column":2},"end":{"line":124,"column":45}},"46":{"start":{"line":128,"column":2},"end":{"line":128,"column":43}},"47":{"start":{"line":132,"column":2},"end":{"line":132,"column":40}},"48":{"start":{"line":136,"column":2},"end":{"line":136,"column":46}},"49":{"start":{"line":140,"column":2},"end":{"line":140,"column":49}},"50":{"start":{"line":144,"column":2},"end":{"line":144,"column":40}},"51":{"start":{"line":148,"column":2},"end":{"line":148,"column":46}},"52":{"start":{"line":152,"column":2},"end":{"line":152,"column":42}},"53":{"start":{"line":156,"column":2},"end":{"line":156,"column":43}},"54":{"start":{"line":160,"column":2},"end":{"line":160,"column":39}},"55":{"start":{"line":164,"column":2},"end":{"line":164,"column":55}},"56":{"start":{"line":167,"column":2},"end":{"line":167,"column":17}}},"fnMap":{"0":{"name":"(anonymous_0)","decl":{"start":{"line":17,"column":1},"end":{"line":17,"column":2}},"loc":{"start":{"line":17,"column":25},"end":{"line":31,"column":1}},"line":17},"1":{"name":"(anonymous_1)","decl":{"start":{"line":31,"column":8},"end":{"line":31,"column":9}},"loc":{"start":{"line":31,"column":35},"end":{"line":168,"column":1}},"line":31},"2":{"name":"(anonymous_2)","decl":{"start":{"line":46,"column":16},"end":{"line":46,"column":17}},"loc":{"start":{"line":46,"column":27},"end":{"line":50,"column":3}},"line":46},"3":{"name":"(anonymous_3)","decl":{"start":{"line":59,"column":32},"end":{"line":59,"column":33}},"loc":{"start":{"line":59,"column":52},"end":{"line":107,"column":3}},"line":59}},"branchMap":{"0":{"loc":{"start":{"line":18,"column":2},"end":{"line":30,"column":3}},"type":"if","locations":[{"start":{"line":18,"column":2},"end":{"line":30,"column":3}},{"start":{"line":18,"column":2},"end":{"line":30,"column":3}}],"line":18},"1":{"loc":{"start":{"line":18,"column":6},"end":{"line":18,"column":48}},"type":"binary-expr","locations":[{"start":{"line":18,"column":6},"end":{"line":18,"column":34}},{"start":{"line":18,"column":38},"end":{"line":18,"column":48}}],"line":18},"2":{"loc":{"start":{"line":21,"column":9},"end":{"line":30,"column":3}},"type":"if","locations":[{"start":{"line":21,"column":9},"end":{"line":30,"column":3}},{"start":{"line":21,"column":9},"end":{"line":30,"column":3}}],"line":21},"3":{"loc":{"start":{"line":21,"column":13},"end":{"line":21,"column":57}},"type":"binary-expr","locations":[{"start":{"line":21,"column":13},"end":{"line":21,"column":39}},{"start":{"line":21,"column":43},"end":{"line":21,"column":57}}],"line":21},"4":{"loc":{"start":{"line":26,"column":4},"end":{"line":28,"column":5}},"type":"if","locations":[{"start":{"line":26,"column":4},"end":{"line":28,"column":5}},{"start":{"line":26,"column":4},"end":{"line":28,"column":5}}],"line":26},"5":{"loc":{"start":{"line":60,"column":4},"end":{"line":105,"column":5}},"type":"if","locations":[{"start":{"line":60,"column":4},"end":{"line":105,"column":5}},{"start":{"line":60,"column":4},"end":{"line":105,"column":5}}],"line":60},"6":{"loc":{"start":{"line":61,"column":12},"end":{"line":61,"column":32}},"type":"binary-expr","locations":[{"start":{"line":61,"column":12},"end":{"line":61,"column":15}},{"start":{"line":61,"column":19},"end":{"line":61,"column":32}}],"line":61},"7":{"loc":{"start":{"line":63,"column":6},"end":{"line":65,"column":7}},"type":"if","locations":[{"start":{"line":63,"column":6},"end":{"line":65,"column":7}},{"start":{"line":63,"column":6},"end":{"line":65,"column":7}}],"line":63},"8":{"loc":{"start":{"line":66,"column":6},"end":{"line":68,"column":7}},"type":"if","locations":[{"start":{"line":66,"column":6},"end":{"line":68,"column":7}},{"start":{"line":66,"column":6},"end":{"line":68,"column":7}}],"line":66},"9":{"loc":{"start":{"line":69,"column":6},"end":{"line":71,"column":7}},"type":"if","locations":[{"start":{"line":69,"column":6},"end":{"line":71,"column":7}},{"start":{"line":69,"column":6},"end":{"line":71,"column":7}}],"line":69},"10":{"loc":{"start":{"line":72,"column":6},"end":{"line":74,"column":7}},"type":"if","locations":[{"start":{"line":72,"column":6},"end":{"line":74,"column":7}},{"start":{"line":72,"column":6},"end":{"line":74,"column":7}}],"line":72},"11":{"loc":{"start":{"line":75,"column":6},"end":{"line":77,"column":7}},"type":"if","locations":[{"start":{"line":75,"column":6},"end":{"line":77,"column":7}},{"start":{"line":75,"column":6},"end":{"line":77,"column":7}}],"line":75},"12":{"loc":{"start":{"line":78,"column":6},"end":{"line":80,"column":7}},"type":"if","locations":[{"start":{"line":78,"column":6},"end":{"line":80,"column":7}},{"start":{"line":78,"column":6},"end":{"line":80,"column":7}}],"line":78},"13":{"loc":{"start":{"line":81,"column":6},"end":{"line":83,"column":7}},"type":"if","locations":[{"start":{"line":81,"column":6},"end":{"line":83,"column":7}},{"start":{"line":81,"column":6},"end":{"line":83,"column":7}}],"line":81},"14":{"loc":{"start":{"line":84,"column":6},"end":{"line":86,"column":7}},"type":"if","locations":[{"start":{"line":84,"column":6},"end":{"line":86,"column":7}},{"start":{"line":84,"column":6},"end":{"line":86,"column":7}}],"line":84},"15":{"loc":{"start":{"line":87,"column":6},"end":{"line":89,"column":7}},"type":"if","locations":[{"start":{"line":87,"column":6},"end":{"line":89,"column":7}},{"start":{"line":87,"column":6},"end":{"line":89,"column":7}}],"line":87},"16":{"loc":{"start":{"line":90,"column":6},"end":{"line":92,"column":7}},"type":"if","locations":[{"start":{"line":90,"column":6},"end":{"line":92,"column":7}},{"start":{"line":90,"column":6},"end":{"line":92,"column":7}}],"line":90},"17":{"loc":{"start":{"line":93,"column":6},"end":{"line":95,"column":7}},"type":"if","locations":[{"start":{"line":93,"column":6},"end":{"line":95,"column":7}},{"start":{"line":93,"column":6},"end":{"line":95,"column":7}}],"line":93},"18":{"loc":{"start":{"line":96,"column":6},"end":{"line":98,"column":7}},"type":"if","locations":[{"start":{"line":96,"column":6},"end":{"line":98,"column":7}},{"start":{"line":96,"column":6},"end":{"line":98,"column":7}}],"line":96},"19":{"loc":{"start":{"line":99,"column":6},"end":{"line":101,"column":7}},"type":"if","locations":[{"start":{"line":99,"column":6},"end":{"line":101,"column":7}},{"start":{"line":99,"column":6},"end":{"line":101,"column":7}}],"line":99},"20":{"loc":{"start":{"line":102,"column":6},"end":{"line":104,"column":7}},"type":"if","locations":[{"start":{"line":102,"column":6},"end":{"line":104,"column":7}},{"start":{"line":102,"column":6},"end":{"line":104,"column":7}}],"line":102}},"s":{"0":1,"1":1,"2":0,"3":1,"4":1,"5":0,"6":0,"7":0,"8":1,"9":74,"10":1,"11":0,"12":0,"13":0,"14":0,"15":0,"16":0,"17":0,"18":0,"19":0,"20":0,"21":0,"22":0,"23":0,"24":0,"25":0,"26":0,"27":0,"28":0,"29":0,"30":0,"31":0,"32":0,"33":0,"34":0,"35":0,"36":0,"37":0,"38":0,"39":0,"40":0,"41":0,"42":1,"43":1,"44":1,"45":1,"46":1,"47":1,"48":1,"49":1,"50":1,"51":1,"52":1,"53":1,"54":1,"55":1,"56":1},"f":{"0":1,"1":1,"2":74,"3":0},"b":{"0":[0,1],"1":[1,0],"2":[1,0],"3":[1,1],"4":[0,0],"5":[0,0],"6":[0,0],"7":[0,0],"8":[0,0],"9":[0,0],"10":[0,0],"11":[0,0],"12":[0,0],"13":[0,0],"14":[0,0],"15":[0,0],"16":[0,0],"17":[0,0],"18":[0,0],"19":[0,0],"20":[0,0]},"_coverageSchema":"43e27e138ebf9cfc5966b082cf9a028302ed4184","hash":"d5de0ec497c0a2a34f11515e06f29db934f59a0d","contentHash":"2050a238771d5a75753196710ee4f360"},"/home/pato/Workspace/Netbeans/NetBeansProjects/Intellidrone/javascript-api-client/src/models/Vacas.js":{"path":"/home/pato/Workspace/Netbeans/NetBeansProjects/Intellidrone/javascript-api-client/src/models/Vacas.js","statementMap":{"0":{"start":{"line":17,"column":0},"end":{"line":144,"column":4}},"1":{"start":{"line":18,"column":2},"end":{"line":30,"column":3}},"2":{"start":{"line":20,"column":4},"end":{"line":20,"column":76}},"3":{"start":{"line":21,"column":9},"end":{"line":30,"column":3}},"4":{"start":{"line":23,"column":4},"end":{"line":23,"column":100}},"5":{"start":{"line":26,"column":4},"end":{"line":28,"column":5}},"6":{"start":{"line":27,"column":6},"end":{"line":27,"column":43}},"7":{"start":{"line":29,"column":4},"end":{"line":29,"column":179}},"8":{"start":{"line":46,"column":16},"end":{"line":50,"column":3}},"9":{"start":{"line":47,"column":16},"end":{"line":47,"column":20}},"10":{"start":{"line":59,"column":2},"end":{"line":89,"column":4}},"11":{"start":{"line":60,"column":4},"end":{"line":87,"column":5}},"12":{"start":{"line":61,"column":6},"end":{"line":61,"column":33}},"13":{"start":{"line":63,"column":6},"end":{"line":65,"column":7}},"14":{"start":{"line":64,"column":8},"end":{"line":64,"column":68}},"15":{"start":{"line":66,"column":6},"end":{"line":68,"column":7}},"16":{"start":{"line":67,"column":8},"end":{"line":67,"column":70}},"17":{"start":{"line":69,"column":6},"end":{"line":71,"column":7}},"18":{"start":{"line":70,"column":8},"end":{"line":70,"column":68}},"19":{"start":{"line":72,"column":6},"end":{"line":74,"column":7}},"20":{"start":{"line":73,"column":8},"end":{"line":73,"column":74}},"21":{"start":{"line":75,"column":6},"end":{"line":77,"column":7}},"22":{"start":{"line":76,"column":8},"end":{"line":76,"column":74}},"23":{"start":{"line":78,"column":6},"end":{"line":80,"column":7}},"24":{"start":{"line":79,"column":8},"end":{"line":79,"column":84}},"25":{"start":{"line":81,"column":6},"end":{"line":83,"column":7}},"26":{"start":{"line":82,"column":8},"end":{"line":82,"column":70}},"27":{"start":{"line":84,"column":6},"end":{"line":86,"column":7}},"28":{"start":{"line":85,"column":8},"end":{"line":85,"column":89}},"29":{"start":{"line":88,"column":4},"end":{"line":88,"column":15}},"30":{"start":{"line":94,"column":2},"end":{"line":94,"column":39}},"31":{"start":{"line":98,"column":2},"end":{"line":98,"column":40}},"32":{"start":{"line":102,"column":2},"end":{"line":102,"column":39}},"33":{"start":{"line":106,"column":2},"end":{"line":106,"column":42}},"34":{"start":{"line":110,"column":2},"end":{"line":110,"column":42}},"35":{"start":{"line":114,"column":2},"end":{"line":114,"column":47}},"36":{"start":{"line":118,"column":2},"end":{"line":118,"column":44}},"37":{"start":{"line":122,"column":2},"end":{"line":122,"column":47}},"38":{"start":{"line":130,"column":2},"end":{"line":140,"column":21}},"39":{"start":{"line":143,"column":2},"end":{"line":143,"column":17}}},"fnMap":{"0":{"name":"(anonymous_0)","decl":{"start":{"line":17,"column":1},"end":{"line":17,"column":2}},"loc":{"start":{"line":17,"column":25},"end":{"line":31,"column":1}},"line":17},"1":{"name":"(anonymous_1)","decl":{"start":{"line":31,"column":8},"end":{"line":31,"column":9}},"loc":{"start":{"line":31,"column":48},"end":{"line":144,"column":1}},"line":31},"2":{"name":"(anonymous_2)","decl":{"start":{"line":46,"column":16},"end":{"line":46,"column":17}},"loc":{"start":{"line":46,"column":27},"end":{"line":50,"column":3}},"line":46},"3":{"name":"(anonymous_3)","decl":{"start":{"line":59,"column":32},"end":{"line":59,"column":33}},"loc":{"start":{"line":59,"column":52},"end":{"line":89,"column":3}},"line":59}},"branchMap":{"0":{"loc":{"start":{"line":18,"column":2},"end":{"line":30,"column":3}},"type":"if","locations":[{"start":{"line":18,"column":2},"end":{"line":30,"column":3}},{"start":{"line":18,"column":2},"end":{"line":30,"column":3}}],"line":18},"1":{"loc":{"start":{"line":18,"column":6},"end":{"line":18,"column":48}},"type":"binary-expr","locations":[{"start":{"line":18,"column":6},"end":{"line":18,"column":34}},{"start":{"line":18,"column":38},"end":{"line":18,"column":48}}],"line":18},"2":{"loc":{"start":{"line":21,"column":9},"end":{"line":30,"column":3}},"type":"if","locations":[{"start":{"line":21,"column":9},"end":{"line":30,"column":3}},{"start":{"line":21,"column":9},"end":{"line":30,"column":3}}],"line":21},"3":{"loc":{"start":{"line":21,"column":13},"end":{"line":21,"column":57}},"type":"binary-expr","locations":[{"start":{"line":21,"column":13},"end":{"line":21,"column":39}},{"start":{"line":21,"column":43},"end":{"line":21,"column":57}}],"line":21},"4":{"loc":{"start":{"line":26,"column":4},"end":{"line":28,"column":5}},"type":"if","locations":[{"start":{"line":26,"column":4},"end":{"line":28,"column":5}},{"start":{"line":26,"column":4},"end":{"line":28,"column":5}}],"line":26},"5":{"loc":{"start":{"line":60,"column":4},"end":{"line":87,"column":5}},"type":"if","locations":[{"start":{"line":60,"column":4},"end":{"line":87,"column":5}},{"start":{"line":60,"column":4},"end":{"line":87,"column":5}}],"line":60},"6":{"loc":{"start":{"line":61,"column":12},"end":{"line":61,"column":32}},"type":"binary-expr","locations":[{"start":{"line":61,"column":12},"end":{"line":61,"column":15}},{"start":{"line":61,"column":19},"end":{"line":61,"column":32}}],"line":61},"7":{"loc":{"start":{"line":63,"column":6},"end":{"line":65,"column":7}},"type":"if","locations":[{"start":{"line":63,"column":6},"end":{"line":65,"column":7}},{"start":{"line":63,"column":6},"end":{"line":65,"column":7}}],"line":63},"8":{"loc":{"start":{"line":66,"column":6},"end":{"line":68,"column":7}},"type":"if","locations":[{"start":{"line":66,"column":6},"end":{"line":68,"column":7}},{"start":{"line":66,"column":6},"end":{"line":68,"column":7}}],"line":66},"9":{"loc":{"start":{"line":69,"column":6},"end":{"line":71,"column":7}},"type":"if","locations":[{"start":{"line":69,"column":6},"end":{"line":71,"column":7}},{"start":{"line":69,"column":6},"end":{"line":71,"column":7}}],"line":69},"10":{"loc":{"start":{"line":72,"column":6},"end":{"line":74,"column":7}},"type":"if","locations":[{"start":{"line":72,"column":6},"end":{"line":74,"column":7}},{"start":{"line":72,"column":6},"end":{"line":74,"column":7}}],"line":72},"11":{"loc":{"start":{"line":75,"column":6},"end":{"line":77,"column":7}},"type":"if","locations":[{"start":{"line":75,"column":6},"end":{"line":77,"column":7}},{"start":{"line":75,"column":6},"end":{"line":77,"column":7}}],"line":75},"12":{"loc":{"start":{"line":78,"column":6},"end":{"line":80,"column":7}},"type":"if","locations":[{"start":{"line":78,"column":6},"end":{"line":80,"column":7}},{"start":{"line":78,"column":6},"end":{"line":80,"column":7}}],"line":78},"13":{"loc":{"start":{"line":81,"column":6},"end":{"line":83,"column":7}},"type":"if","locations":[{"start":{"line":81,"column":6},"end":{"line":83,"column":7}},{"start":{"line":81,"column":6},"end":{"line":83,"column":7}}],"line":81},"14":{"loc":{"start":{"line":84,"column":6},"end":{"line":86,"column":7}},"type":"if","locations":[{"start":{"line":84,"column":6},"end":{"line":86,"column":7}},{"start":{"line":84,"column":6},"end":{"line":86,"column":7}}],"line":84}},"s":{"0":1,"1":1,"2":0,"3":1,"4":1,"5":0,"6":0,"7":0,"8":1,"9":74,"10":1,"11":0,"12":0,"13":0,"14":0,"15":0,"16":0,"17":0,"18":0,"19":0,"20":0,"21":0,"22":0,"23":0,"24":0,"25":0,"26":0,"27":0,"28":0,"29":0,"30":1,"31":1,"32":1,"33":1,"34":1,"35":1,"36":1,"37":1,"38":1,"39":1},"f":{"0":1,"1":1,"2":74,"3":0},"b":{"0":[0,1],"1":[1,0],"2":[1,0],"3":[1,1],"4":[0,0],"5":[0,0],"6":[0,0],"7":[0,0],"8":[0,0],"9":[0,0],"10":[0,0],"11":[0,0],"12":[0,0],"13":[0,0],"14":[0,0]},"_coverageSchema":"43e27e138ebf9cfc5966b082cf9a028302ed4184","hash":"31a112209e8f4ac695af82ccfb077d18393d37ee","contentHash":"e97c3905862d4f770a208558a2183002"},"/home/pato/Workspace/Netbeans/NetBeansProjects/Intellidrone/javascript-api-client/src/models/Lotes.js":{"path":"/home/pato/Workspace/Netbeans/NetBeansProjects/Intellidrone/javascript-api-client/src/models/Lotes.js","statementMap":{"0":{"start":{"line":17,"column":0},"end":{"line":112,"column":4}},"1":{"start":{"line":18,"column":2},"end":{"line":30,"column":3}},"2":{"start":{"line":20,"column":4},"end":{"line":20,"column":53}},"3":{"start":{"line":21,"column":9},"end":{"line":30,"column":3}},"4":{"start":{"line":23,"column":4},"end":{"line":23,"column":74}},"5":{"start":{"line":26,"column":4},"end":{"line":28,"column":5}},"6":{"start":{"line":27,"column":6},"end":{"line":27,"column":43}},"7":{"start":{"line":29,"column":4},"end":{"line":29,"column":134}},"8":{"start":{"line":46,"column":16},"end":{"line":50,"column":3}},"9":{"start":{"line":47,"column":16},"end":{"line":47,"column":20}},"10":{"start":{"line":59,"column":2},"end":{"line":83,"column":4}},"11":{"start":{"line":60,"column":4},"end":{"line":81,"column":5}},"12":{"start":{"line":61,"column":6},"end":{"line":61,"column":33}},"13":{"start":{"line":63,"column":6},"end":{"line":65,"column":7}},"14":{"start":{"line":64,"column":8},"end":{"line":64,"column":68}},"15":{"start":{"line":66,"column":6},"end":{"line":68,"column":7}},"16":{"start":{"line":67,"column":8},"end":{"line":67,"column":70}},"17":{"start":{"line":69,"column":6},"end":{"line":71,"column":7}},"18":{"start":{"line":70,"column":8},"end":{"line":70,"column":78}},"19":{"start":{"line":72,"column":6},"end":{"line":74,"column":7}},"20":{"start":{"line":73,"column":8},"end":{"line":73,"column":80}},"21":{"start":{"line":75,"column":6},"end":{"line":77,"column":7}},"22":{"start":{"line":76,"column":8},"end":{"line":76,"column":78}},"23":{"start":{"line":78,"column":6},"end":{"line":80,"column":7}},"24":{"start":{"line":79,"column":8},"end":{"line":79,"column":64}},"25":{"start":{"line":82,"column":4},"end":{"line":82,"column":15}},"26":{"start":{"line":88,"column":2},"end":{"line":88,"column":39}},"27":{"start":{"line":92,"column":2},"end":{"line":92,"column":40}},"28":{"start":{"line":96,"column":2},"end":{"line":96,"column":44}},"29":{"start":{"line":100,"column":2},"end":{"line":100,"column":45}},"30":{"start":{"line":104,"column":2},"end":{"line":104,"column":44}},"31":{"start":{"line":108,"column":2},"end":{"line":108,"column":41}},"32":{"start":{"line":111,"column":2},"end":{"line":111,"column":17}}},"fnMap":{"0":{"name":"(anonymous_0)","decl":{"start":{"line":17,"column":1},"end":{"line":17,"column":2}},"loc":{"start":{"line":17,"column":25},"end":{"line":31,"column":1}},"line":17},"1":{"name":"(anonymous_1)","decl":{"start":{"line":31,"column":8},"end":{"line":31,"column":9}},"loc":{"start":{"line":31,"column":35},"end":{"line":112,"column":1}},"line":31},"2":{"name":"(anonymous_2)","decl":{"start":{"line":46,"column":16},"end":{"line":46,"column":17}},"loc":{"start":{"line":46,"column":27},"end":{"line":50,"column":3}},"line":46},"3":{"name":"(anonymous_3)","decl":{"start":{"line":59,"column":32},"end":{"line":59,"column":33}},"loc":{"start":{"line":59,"column":52},"end":{"line":83,"column":3}},"line":59}},"branchMap":{"0":{"loc":{"start":{"line":18,"column":2},"end":{"line":30,"column":3}},"type":"if","locations":[{"start":{"line":18,"column":2},"end":{"line":30,"column":3}},{"start":{"line":18,"column":2},"end":{"line":30,"column":3}}],"line":18},"1":{"loc":{"start":{"line":18,"column":6},"end":{"line":18,"column":48}},"type":"binary-expr","locations":[{"start":{"line":18,"column":6},"end":{"line":18,"column":34}},{"start":{"line":18,"column":38},"end":{"line":18,"column":48}}],"line":18},"2":{"loc":{"start":{"line":21,"column":9},"end":{"line":30,"column":3}},"type":"if","locations":[{"start":{"line":21,"column":9},"end":{"line":30,"column":3}},{"start":{"line":21,"column":9},"end":{"line":30,"column":3}}],"line":21},"3":{"loc":{"start":{"line":21,"column":13},"end":{"line":21,"column":57}},"type":"binary-expr","locations":[{"start":{"line":21,"column":13},"end":{"line":21,"column":39}},{"start":{"line":21,"column":43},"end":{"line":21,"column":57}}],"line":21},"4":{"loc":{"start":{"line":26,"column":4},"end":{"line":28,"column":5}},"type":"if","locations":[{"start":{"line":26,"column":4},"end":{"line":28,"column":5}},{"start":{"line":26,"column":4},"end":{"line":28,"column":5}}],"line":26},"5":{"loc":{"start":{"line":60,"column":4},"end":{"line":81,"column":5}},"type":"if","locations":[{"start":{"line":60,"column":4},"end":{"line":81,"column":5}},{"start":{"line":60,"column":4},"end":{"line":81,"column":5}}],"line":60},"6":{"loc":{"start":{"line":61,"column":12},"end":{"line":61,"column":32}},"type":"binary-expr","locations":[{"start":{"line":61,"column":12},"end":{"line":61,"column":15}},{"start":{"line":61,"column":19},"end":{"line":61,"column":32}}],"line":61},"7":{"loc":{"start":{"line":63,"column":6},"end":{"line":65,"column":7}},"type":"if","locations":[{"start":{"line":63,"column":6},"end":{"line":65,"column":7}},{"start":{"line":63,"column":6},"end":{"line":65,"column":7}}],"line":63},"8":{"loc":{"start":{"line":66,"column":6},"end":{"line":68,"column":7}},"type":"if","locations":[{"start":{"line":66,"column":6},"end":{"line":68,"column":7}},{"start":{"line":66,"column":6},"end":{"line":68,"column":7}}],"line":66},"9":{"loc":{"start":{"line":69,"column":6},"end":{"line":71,"column":7}},"type":"if","locations":[{"start":{"line":69,"column":6},"end":{"line":71,"column":7}},{"start":{"line":69,"column":6},"end":{"line":71,"column":7}}],"line":69},"10":{"loc":{"start":{"line":72,"column":6},"end":{"line":74,"column":7}},"type":"if","locations":[{"start":{"line":72,"column":6},"end":{"line":74,"column":7}},{"start":{"line":72,"column":6},"end":{"line":74,"column":7}}],"line":72},"11":{"loc":{"start":{"line":75,"column":6},"end":{"line":77,"column":7}},"type":"if","locations":[{"start":{"line":75,"column":6},"end":{"line":77,"column":7}},{"start":{"line":75,"column":6},"end":{"line":77,"column":7}}],"line":75},"12":{"loc":{"start":{"line":78,"column":6},"end":{"line":80,"column":7}},"type":"if","locations":[{"start":{"line":78,"column":6},"end":{"line":80,"column":7}},{"start":{"line":78,"column":6},"end":{"line":80,"column":7}}],"line":78}},"s":{"0":1,"1":1,"2":0,"3":1,"4":1,"5":0,"6":0,"7":0,"8":1,"9":74,"10":1,"11":0,"12":0,"13":0,"14":0,"15":0,"16":0,"17":0,"18":0,"19":0,"20":0,"21":0,"22":0,"23":0,"24":0,"25":0,"26":1,"27":1,"28":1,"29":1,"30":1,"31":1,"32":1},"f":{"0":1,"1":1,"2":74,"3":0},"b":{"0":[0,1],"1":[1,0],"2":[1,0],"3":[1,1],"4":[0,0],"5":[0,0],"6":[0,0],"7":[0,0],"8":[0,0],"9":[0,0],"10":[0,0],"11":[0,0],"12":[0,0]},"_coverageSchema":"43e27e138ebf9cfc5966b082cf9a028302ed4184","hash":"86e01be355a149580e158a358717510ea7961023","contentHash":"ec1614829f7e7d4cae6eaded81491be4"},"/home/pato/Workspace/Netbeans/NetBeansProjects/Intellidrone/javascript-api-client/src/models/Users.js":{"path":"/home/pato/Workspace/Netbeans/NetBeansProjects/Intellidrone/javascript-api-client/src/models/Users.js","statementMap":{"0":{"start":{"line":17,"column":0},"end":{"line":135,"column":4}},"1":{"start":{"line":18,"column":2},"end":{"line":30,"column":3}},"2":{"start":{"line":20,"column":4},"end":{"line":20,"column":53}},"3":{"start":{"line":21,"column":9},"end":{"line":30,"column":3}},"4":{"start":{"line":23,"column":4},"end":{"line":23,"column":74}},"5":{"start":{"line":26,"column":4},"end":{"line":28,"column":5}},"6":{"start":{"line":27,"column":6},"end":{"line":27,"column":43}},"7":{"start":{"line":29,"column":4},"end":{"line":29,"column":134}},"8":{"start":{"line":46,"column":16},"end":{"line":50,"column":3}},"9":{"start":{"line":47,"column":16},"end":{"line":47,"column":20}},"10":{"start":{"line":59,"column":2},"end":{"line":83,"column":4}},"11":{"start":{"line":60,"column":4},"end":{"line":81,"column":5}},"12":{"start":{"line":61,"column":6},"end":{"line":61,"column":33}},"13":{"start":{"line":63,"column":6},"end":{"line":65,"column":7}},"14":{"start":{"line":64,"column":8},"end":{"line":64,"column":68}},"15":{"start":{"line":66,"column":6},"end":{"line":68,"column":7}},"16":{"start":{"line":67,"column":8},"end":{"line":67,"column":70}},"17":{"start":{"line":69,"column":6},"end":{"line":71,"column":7}},"18":{"start":{"line":70,"column":8},"end":{"line":70,"column":72}},"19":{"start":{"line":72,"column":6},"end":{"line":74,"column":7}},"20":{"start":{"line":73,"column":8},"end":{"line":73,"column":78}},"21":{"start":{"line":75,"column":6},"end":{"line":77,"column":7}},"22":{"start":{"line":76,"column":8},"end":{"line":76,"column":71}},"23":{"start":{"line":78,"column":6},"end":{"line":80,"column":7}},"24":{"start":{"line":79,"column":8},"end":{"line":79,"column":70}},"25":{"start":{"line":82,"column":4},"end":{"line":82,"column":15}},"26":{"start":{"line":88,"column":2},"end":{"line":88,"column":39}},"27":{"start":{"line":92,"column":2},"end":{"line":92,"column":40}},"28":{"start":{"line":96,"column":2},"end":{"line":96,"column":41}},"29":{"start":{"line":100,"column":2},"end":{"line":100,"column":44}},"30":{"start":{"line":104,"column":2},"end":{"line":104,"column":41}},"31":{"start":{"line":108,"column":2},"end":{"line":108,"column":40}},"32":{"start":{"line":116,"column":2},"end":{"line":131,"column":21}},"33":{"start":{"line":134,"column":2},"end":{"line":134,"column":17}}},"fnMap":{"0":{"name":"(anonymous_0)","decl":{"start":{"line":17,"column":1},"end":{"line":17,"column":2}},"loc":{"start":{"line":17,"column":25},"end":{"line":31,"column":1}},"line":17},"1":{"name":"(anonymous_1)","decl":{"start":{"line":31,"column":8},"end":{"line":31,"column":9}},"loc":{"start":{"line":31,"column":35},"end":{"line":135,"column":1}},"line":31},"2":{"name":"(anonymous_2)","decl":{"start":{"line":46,"column":16},"end":{"line":46,"column":17}},"loc":{"start":{"line":46,"column":27},"end":{"line":50,"column":3}},"line":46},"3":{"name":"(anonymous_3)","decl":{"start":{"line":59,"column":32},"end":{"line":59,"column":33}},"loc":{"start":{"line":59,"column":52},"end":{"line":83,"column":3}},"line":59}},"branchMap":{"0":{"loc":{"start":{"line":18,"column":2},"end":{"line":30,"column":3}},"type":"if","locations":[{"start":{"line":18,"column":2},"end":{"line":30,"column":3}},{"start":{"line":18,"column":2},"end":{"line":30,"column":3}}],"line":18},"1":{"loc":{"start":{"line":18,"column":6},"end":{"line":18,"column":48}},"type":"binary-expr","locations":[{"start":{"line":18,"column":6},"end":{"line":18,"column":34}},{"start":{"line":18,"column":38},"end":{"line":18,"column":48}}],"line":18},"2":{"loc":{"start":{"line":21,"column":9},"end":{"line":30,"column":3}},"type":"if","locations":[{"start":{"line":21,"column":9},"end":{"line":30,"column":3}},{"start":{"line":21,"column":9},"end":{"line":30,"column":3}}],"line":21},"3":{"loc":{"start":{"line":21,"column":13},"end":{"line":21,"column":57}},"type":"binary-expr","locations":[{"start":{"line":21,"column":13},"end":{"line":21,"column":39}},{"start":{"line":21,"column":43},"end":{"line":21,"column":57}}],"line":21},"4":{"loc":{"start":{"line":26,"column":4},"end":{"line":28,"column":5}},"type":"if","locations":[{"start":{"line":26,"column":4},"end":{"line":28,"column":5}},{"start":{"line":26,"column":4},"end":{"line":28,"column":5}}],"line":26},"5":{"loc":{"start":{"line":60,"column":4},"end":{"line":81,"column":5}},"type":"if","locations":[{"start":{"line":60,"column":4},"end":{"line":81,"column":5}},{"start":{"line":60,"column":4},"end":{"line":81,"column":5}}],"line":60},"6":{"loc":{"start":{"line":61,"column":12},"end":{"line":61,"column":32}},"type":"binary-expr","locations":[{"start":{"line":61,"column":12},"end":{"line":61,"column":15}},{"start":{"line":61,"column":19},"end":{"line":61,"column":32}}],"line":61},"7":{"loc":{"start":{"line":63,"column":6},"end":{"line":65,"column":7}},"type":"if","locations":[{"start":{"line":63,"column":6},"end":{"line":65,"column":7}},{"start":{"line":63,"column":6},"end":{"line":65,"column":7}}],"line":63},"8":{"loc":{"start":{"line":66,"column":6},"end":{"line":68,"column":7}},"type":"if","locations":[{"start":{"line":66,"column":6},"end":{"line":68,"column":7}},{"start":{"line":66,"column":6},"end":{"line":68,"column":7}}],"line":66},"9":{"loc":{"start":{"line":69,"column":6},"end":{"line":71,"column":7}},"type":"if","locations":[{"start":{"line":69,"column":6},"end":{"line":71,"column":7}},{"start":{"line":69,"column":6},"end":{"line":71,"column":7}}],"line":69},"10":{"loc":{"start":{"line":72,"column":6},"end":{"line":74,"column":7}},"type":"if","locations":[{"start":{"line":72,"column":6},"end":{"line":74,"column":7}},{"start":{"line":72,"column":6},"end":{"line":74,"column":7}}],"line":72},"11":{"loc":{"start":{"line":75,"column":6},"end":{"line":77,"column":7}},"type":"if","locations":[{"start":{"line":75,"column":6},"end":{"line":77,"column":7}},{"start":{"line":75,"column":6},"end":{"line":77,"column":7}}],"line":75},"12":{"loc":{"start":{"line":78,"column":6},"end":{"line":80,"column":7}},"type":"if","locations":[{"start":{"line":78,"column":6},"end":{"line":80,"column":7}},{"start":{"line":78,"column":6},"end":{"line":80,"column":7}}],"line":78}},"s":{"0":1,"1":1,"2":0,"3":1,"4":1,"5":0,"6":0,"7":0,"8":1,"9":74,"10":1,"11":0,"12":0,"13":0,"14":0,"15":0,"16":0,"17":0,"18":0,"19":0,"20":0,"21":0,"22":0,"23":0,"24":0,"25":0,"26":1,"27":1,"28":1,"29":1,"30":1,"31":1,"32":1,"33":1},"f":{"0":1,"1":1,"2":74,"3":0},"b":{"0":[0,1],"1":[1,0],"2":[1,0],"3":[1,1],"4":[0,0],"5":[0,0],"6":[0,0],"7":[0,0],"8":[0,0],"9":[0,0],"10":[0,0],"11":[0,0],"12":[0,0]},"_coverageSchema":"43e27e138ebf9cfc5966b082cf9a028302ed4184","hash":"4efa377d95751a61bf94924bf802c9bd7aa133c0","contentHash":"27896b231b91f5c61d947afbb4dfc5d9"},"/home/pato/Workspace/Netbeans/NetBeansProjects/Intellidrone/javascript-api-client/src/models/DeletedResponse.js":{"path":"/home/pato/Workspace/Netbeans/NetBeansProjects/Intellidrone/javascript-api-client/src/models/DeletedResponse.js","statementMap":{"0":{"start":{"line":17,"column":0},"end":{"line":77,"column":4}},"1":{"start":{"line":18,"column":2},"end":{"line":30,"column":3}},"2":{"start":{"line":20,"column":4},"end":{"line":20,"column":36}},"3":{"start":{"line":21,"column":9},"end":{"line":30,"column":3}},"4":{"start":{"line":23,"column":4},"end":{"line":23,"column":54}},"5":{"start":{"line":26,"column":4},"end":{"line":28,"column":5}},"6":{"start":{"line":27,"column":6},"end":{"line":27,"column":43}},"7":{"start":{"line":29,"column":4},"end":{"line":29,"column":105}},"8":{"start":{"line":46,"column":16},"end":{"line":50,"column":3}},"9":{"start":{"line":47,"column":16},"end":{"line":47,"column":20}},"10":{"start":{"line":59,"column":2},"end":{"line":68,"column":4}},"11":{"start":{"line":60,"column":4},"end":{"line":66,"column":5}},"12":{"start":{"line":61,"column":6},"end":{"line":61,"column":33}},"13":{"start":{"line":63,"column":6},"end":{"line":65,"column":7}},"14":{"start":{"line":64,"column":8},"end":{"line":64,"column":66}},"15":{"start":{"line":67,"column":4},"end":{"line":67,"column":15}},"16":{"start":{"line":73,"column":2},"end":{"line":73,"column":38}},"17":{"start":{"line":76,"column":2},"end":{"line":76,"column":17}}},"fnMap":{"0":{"name":"(anonymous_0)","decl":{"start":{"line":17,"column":1},"end":{"line":17,"column":2}},"loc":{"start":{"line":17,"column":25},"end":{"line":31,"column":1}},"line":17},"1":{"name":"(anonymous_1)","decl":{"start":{"line":31,"column":8},"end":{"line":31,"column":9}},"loc":{"start":{"line":31,"column":28},"end":{"line":77,"column":1}},"line":31},"2":{"name":"(anonymous_2)","decl":{"start":{"line":46,"column":16},"end":{"line":46,"column":17}},"loc":{"start":{"line":46,"column":27},"end":{"line":50,"column":3}},"line":46},"3":{"name":"(anonymous_3)","decl":{"start":{"line":59,"column":32},"end":{"line":59,"column":33}},"loc":{"start":{"line":59,"column":52},"end":{"line":68,"column":3}},"line":59}},"branchMap":{"0":{"loc":{"start":{"line":18,"column":2},"end":{"line":30,"column":3}},"type":"if","locations":[{"start":{"line":18,"column":2},"end":{"line":30,"column":3}},{"start":{"line":18,"column":2},"end":{"line":30,"column":3}}],"line":18},"1":{"loc":{"start":{"line":18,"column":6},"end":{"line":18,"column":48}},"type":"binary-expr","locations":[{"start":{"line":18,"column":6},"end":{"line":18,"column":34}},{"start":{"line":18,"column":38},"end":{"line":18,"column":48}}],"line":18},"2":{"loc":{"start":{"line":21,"column":9},"end":{"line":30,"column":3}},"type":"if","locations":[{"start":{"line":21,"column":9},"end":{"line":30,"column":3}},{"start":{"line":21,"column":9},"end":{"line":30,"column":3}}],"line":21},"3":{"loc":{"start":{"line":21,"column":13},"end":{"line":21,"column":57}},"type":"binary-expr","locations":[{"start":{"line":21,"column":13},"end":{"line":21,"column":39}},{"start":{"line":21,"column":43},"end":{"line":21,"column":57}}],"line":21},"4":{"loc":{"start":{"line":26,"column":4},"end":{"line":28,"column":5}},"type":"if","locations":[{"start":{"line":26,"column":4},"end":{"line":28,"column":5}},{"start":{"line":26,"column":4},"end":{"line":28,"column":5}}],"line":26},"5":{"loc":{"start":{"line":60,"column":4},"end":{"line":66,"column":5}},"type":"if","locations":[{"start":{"line":60,"column":4},"end":{"line":66,"column":5}},{"start":{"line":60,"column":4},"end":{"line":66,"column":5}}],"line":60},"6":{"loc":{"start":{"line":61,"column":12},"end":{"line":61,"column":32}},"type":"binary-expr","locations":[{"start":{"line":61,"column":12},"end":{"line":61,"column":15}},{"start":{"line":61,"column":19},"end":{"line":61,"column":32}}],"line":61},"7":{"loc":{"start":{"line":63,"column":6},"end":{"line":65,"column":7}},"type":"if","locations":[{"start":{"line":63,"column":6},"end":{"line":65,"column":7}},{"start":{"line":63,"column":6},"end":{"line":65,"column":7}}],"line":63}},"s":{"0":1,"1":1,"2":0,"3":1,"4":1,"5":0,"6":0,"7":0,"8":1,"9":74,"10":1,"11":0,"12":0,"13":0,"14":0,"15":0,"16":1,"17":1},"f":{"0":1,"1":1,"2":74,"3":0},"b":{"0":[0,1],"1":[1,0],"2":[1,0],"3":[1,1],"4":[0,0],"5":[0,0],"6":[0,0],"7":[0,0]},"_coverageSchema":"43e27e138ebf9cfc5966b082cf9a028302ed4184","hash":"2956ffe695596423668fbb6a91a94dff0afc5eee","contentHash":"4eb147f1764854c2b46558adb4d80390"},"/home/pato/Workspace/Netbeans/NetBeansProjects/Intellidrone/javascript-api-client/src/models/Error.js":{"path":"/home/pato/Wo
[...]
6},"end":{"line":278,"column":7}}],"line":276},"16":{"loc":{"start":{"line":276,"column":10},"end":{"line":276,"column":45}},"type":"binary-expr","locations":[{"start":{"line":276,"column":10},"end":{"line":276,"column":28}},{"start":{"line":276,"column":32},"end":{"line":276,"column":45}}],"line":276},"17":{"loc":{"start":{"line":281,"column":6},"end":{"line":283,"column":7}},"type":"if","locations":[{"start":{"line":281,"column":6},"end":{"line":283,"column":7}},{"start":{"line":281,"column":6},"end":{"line":283,"column":7}}],"line":281},"18":{"loc":{"start":{"line":281,"column":10},"end":{"line":281,"column":47}},"type":"binary-expr","locations":[{"start":{"line":281,"column":10},"end":{"line":281,"column":29}},{"start":{"line":281,"column":33},"end":{"line":281,"column":47}}],"line":281},"19":{"loc":{"start":{"line":341,"column":6},"end":{"line":343,"column":7}},"type":"if","locations":[{"start":{"line":341,"column":6},"end":{"line":343,"column":7}},{"start":{"line":341,"column":6},"end":{"line":343,"column":7}}],"line":341},"20":{"loc":{"start":{"line":341,"column":10},"end":{"line":341,"column":45}},"type":"binary-expr","locations":[{"start":{"line":341,"column":10},"end":{"line":341,"column":28}},{"start":{"line":341,"column":32},"end":{"line":341,"column":45}}],"line":341},"21":{"loc":{"start":{"line":346,"column":6},"end":{"line":348,"column":7}},"type":"if","locations":[{"start":{"line":346,"column":6},"end":{"line":348,"column":7}},{"start":{"line":346,"column":6},"end":{"line":348,"column":7}}],"line":346},"22":{"loc":{"start":{"line":346,"column":10},"end":{"line":346,"column":53}},"type":"binary-expr","locations":[{"start":{"line":346,"column":10},"end":{"line":346,"column":32}},{"start":{"line":346,"column":36},"end":{"line":346,"column":53}}],"line":346}},"s":{"0":1,"1":1,"2":0,"3":1,"4":1,"5":0,"6":0,"7":0,"8":1,"9":74,"10":74,"11":0,"12":0,"13":0,"14":0,"15":0,"16":0,"17":0,"18":0,"19":0,"20":0,"21":0,"22":0,"23":0,"24":74,"25":0,"26":0,"27":74,"28":0,"29":0,"30":0,"31":0,"32":0,"33":0,"34":0,"35":0,"36":0,"37":0,"38":0,"39":0,"40":0,"41":74,"42":0,"43":0,"44":74,"45":0,"46":0,"47":0,"48":0,"49":0,"50":0,"51":0,"52":0,"53":0,"54":0,"55":0,"56":0,"57":0,"58":74,"59":0,"60":0,"61":74,"62":0,"63":0,"64":0,"65":0,"66":0,"67":0,"68":0,"69":0,"70":0,"71":0,"72":0,"73":0,"74":0,"75":74,"76":0,"77":0,"78":74,"79":0,"80":0,"81":0,"82":0,"83":0,"84":0,"85":0,"86":0,"87":0,"88":0,"89":0,"90":0,"91":0,"92":0,"93":0,"94":0,"95":74,"96":0,"97":0,"98":74,"99":0,"100":0,"101":0,"102":0,"103":0,"104":0,"105":0,"106":0,"107":0,"108":0,"109":0,"110":0,"111":0,"112":0,"113":0,"114":74,"115":0,"116":0,"117":74,"118":0,"119":0,"120":0,"121":0,"122":0,"123":0,"124":0,"125":0,"126":0,"127":0,"128":0,"129":74,"130":0,"131":0,"132":1},"f":{"0":1,"1":1,"2":74,"3":0,"4":0,"5":0,"6":0,"7":0,"8":0,"9":0,"10":0,"11":0,"12":0,"13":0,"14":0,"15":0,"16":0,"17":0,"18":0,"19":0,"20":0,"21":0,"22":0,"23":0},"b":{"0":[0,1],"1":[1,0],"2":[1,0],"3":[1,1],"4":[0,0],"5":[74,74],"6":[0,0],"7":[0,0],"8":[0,0],"9":[0,0],"10":[0,0],"11":[0,0],"12":[0,0],"13":[0,0],"14":[0,0],"15":[0,0],"16":[0,0],"17":[0,0],"18":[0,0],"19":[0,0],"20":[0,0],"21":[0,0],"22":[0,0]},"_coverageSchema":"43e27e138ebf9cfc5966b082cf9a028302ed4184","hash":"340b29928b88415087776d8b819b79ee0da5c147","contentHash":"3707fbd875bbd45010041b8baab435bf"},"/home/pato/Workspace/Netbeans/NetBeansProjects/Intellidrone/javascript-api-client/src/api/VacasApi.js":{"path":"/home/pato/Workspace/Netbeans/NetBeansProjects/Intellidrone/javascript-api-client/src/api/VacasApi.js","statementMap":{"0":{"start":{"line":17,"column":0},"end":{"line":341,"column":4}},"1":{"start":{"line":18,"column":2},"end":{"line":30,"column":3}},"2":{"start":{"line":20,"column":4},"end":{"line":20,"column":97}},"3":{"start":{"line":21,"column":9},"end":{"line":30,"column":3}},"4":{"start":{"line":23,"column":4},"end":{"line":23,"column":148}},"5":{"start":{"line":26,"column":4},"end":{"line":28,"column":5}},"6":{"start":{"line":27,"column":6},"end":{"line":27,"column":43}},"7":{"start":{"line":29,"column":4},"end":{"line":29,"column":225}},"8":{"start":{"line":47,"column":16},"end":{"line":338,"column":3}},"9":{"start":{"line":48,"column":4},"end":{"line":48,"column":53}},"10":{"start":{"line":57,"column":4},"end":{"line":87,"column":6}},"11":{"start":{"line":58,"column":21},"end":{"line":58,"column":25}},"12":{"start":{"line":61,"column":6},"end":{"line":63,"column":7}},"13":{"start":{"line":62,"column":8},"end":{"line":62,"column":86}},"14":{"start":{"line":66,"column":23},"end":{"line":67,"column":7}},"15":{"start":{"line":68,"column":24},"end":{"line":69,"column":7}},"16":{"start":{"line":70,"column":34},"end":{"line":71,"column":7}},"17":{"start":{"line":72,"column":25},"end":{"line":73,"column":7}},"18":{"start":{"line":74,"column":23},"end":{"line":75,"column":7}},"19":{"start":{"line":77,"column":22},"end":{"line":77,"column":47}},"20":{"start":{"line":78,"column":25},"end":{"line":78,"column":64}},"21":{"start":{"line":79,"column":20},"end":{"line":79,"column":59}},"22":{"start":{"line":80,"column":23},"end":{"line":80,"column":28}},"23":{"start":{"line":82,"column":6},"end":{"line":86,"column":8}},"24":{"start":{"line":95,"column":4},"end":{"line":100,"column":6}},"25":{"start":{"line":96,"column":6},"end":{"line":99,"column":11}},"26":{"start":{"line":98,"column":10},"end":{"line":98,"column":40}},"27":{"start":{"line":109,"column":4},"end":{"line":140,"column":6}},"28":{"start":{"line":110,"column":21},"end":{"line":110,"column":25}},"29":{"start":{"line":113,"column":6},"end":{"line":115,"column":7}},"30":{"start":{"line":114,"column":8},"end":{"line":114,"column":87}},"31":{"start":{"line":118,"column":23},"end":{"line":120,"column":7}},"32":{"start":{"line":121,"column":24},"end":{"line":122,"column":7}},"33":{"start":{"line":123,"column":34},"end":{"line":124,"column":7}},"34":{"start":{"line":125,"column":25},"end":{"line":126,"column":7}},"35":{"start":{"line":127,"column":23},"end":{"line":128,"column":7}},"36":{"start":{"line":130,"column":22},"end":{"line":130,"column":47}},"37":{"start":{"line":131,"column":25},"end":{"line":131,"column":64}},"38":{"start":{"line":132,"column":20},"end":{"line":132,"column":59}},"39":{"start":{"line":133,"column":23},"end":{"line":133,"column":38}},"40":{"start":{"line":135,"column":6},"end":{"line":139,"column":8}},"41":{"start":{"line":148,"column":4},"end":{"line":153,"column":6}},"42":{"start":{"line":149,"column":6},"end":{"line":152,"column":11}},"43":{"start":{"line":151,"column":10},"end":{"line":151,"column":40}},"44":{"start":{"line":162,"column":4},"end":{"line":192,"column":6}},"45":{"start":{"line":163,"column":21},"end":{"line":163,"column":25}},"46":{"start":{"line":166,"column":6},"end":{"line":168,"column":7}},"47":{"start":{"line":167,"column":8},"end":{"line":167,"column":87}},"48":{"start":{"line":171,"column":23},"end":{"line":172,"column":7}},"49":{"start":{"line":173,"column":24},"end":{"line":174,"column":7}},"50":{"start":{"line":175,"column":34},"end":{"line":176,"column":7}},"51":{"start":{"line":177,"column":25},"end":{"line":178,"column":7}},"52":{"start":{"line":179,"column":23},"end":{"line":180,"column":7}},"53":{"start":{"line":182,"column":22},"end":{"line":182,"column":47}},"54":{"start":{"line":183,"column":25},"end":{"line":183,"column":64}},"55":{"start":{"line":184,"column":20},"end":{"line":184,"column":59}},"56":{"start":{"line":185,"column":23},"end":{"line":185,"column":28}},"57":{"start":{"line":187,"column":6},"end":{"line":191,"column":8}},"58":{"start":{"line":200,"column":4},"end":{"line":205,"column":6}},"59":{"start":{"line":201,"column":6},"end":{"line":204,"column":11}},"60":{"start":{"line":203,"column":10},"end":{"line":203,"column":40}},"61":{"start":{"line":219,"column":4},"end":{"line":260,"column":6}},"62":{"start":{"line":220,"column":6},"end":{"line":220,"column":24}},"63":{"start":{"line":221,"column":21},"end":{"line":221,"column":25}},"64":{"start":{"line":224,"column":6},"end":{"line":226,"column":7}},"65":{"start":{"line":225,"column":8},"end":{"line":225,"column":87}},"66":{"start":{"line":229,"column":6},"end":{"line":231,"column":7}},"67":{"start":{"line":230,"column":8},"end":{"line":230,"column":88}},"68":{"start":{"line":234,"column":23},"end":{"line":235,"column":7}},"69":{"start":{"line":236,"column":24},"end":{"line":242,"column":7}},"70":{"start":{"line":243,"column":34},"end":{"line":244,"column":7}},"71":{"start":{"line":245,"column":25},"end":{"line":246,"column":7}},"72":{"start":{"line":247,"column":23},"end":{"line":248,"column":7}},"73":{"start":{"line":250,"column":22},"end":{"line":250,"column":47}},"74":{"start":{"line":251,"column":25},"end":{"line":251,"column":64}},"75":{"start":{"line":252,"column":20},"end":{"line":252,"column":59}},"76":{"start":{"line":253,"column":23},"end":{"line":253,"column":30}},"77":{"start":{"line":255,"column":6},"end":{"line":259,"column":8}},"78":{"start":{"line":273,"column":4},"end":{"line":278,"column":6}},"79":{"start":{"line":274,"column":6},"end":{"line":277,"column":11}},"80":{"start":{"line":276,"column":10},"end":{"line":276,"column":40}},"81":{"start":{"line":289,"column":4},"end":{"line":322,"column":6}},"82":{"start":{"line":290,"column":6},"end":{"line":290,"column":24}},"83":{"start":{"line":291,"column":21},"end":{"line":291,"column":25}},"84":{"start":{"line":294,"column":6},"end":{"line":296,"column":7}},"85":{"start":{"line":295,"column":8},"end":{"line":295,"column":89}},"86":{"start":{"line":299,"column":23},"end":{"line":301,"column":7}},"87":{"start":{"line":302,"column":24},"end":{"line":304,"column":7}},"88":{"start":{"line":305,"column":34},"end":{"line":306,"column":7}},"89":{"start":{"line":307,"column":25},"end":{"line":308,"column":7}},"90":{"start":{"line":309,"column":23},"end":{"line":310,"column":7}},"91":{"start":{"line":312,"column":22},"end":{"line":312,"column":47}},"92":{"start":{"line":313,"column":25},"end":{"line":313,"column":64}},"93":{"start":{"line":314,"column":20},"end":{"line":314,"column":59}},"94":{"start":{"line":315,"column":23},"end":{"line":315,"column":28}},"95":{"start":{"line":317,"column":6},"end":{"line":321,"column":8}},"96":{"start":{"line":332,"column":4},"end":{"line":337,"column":6}},"97":{"start":{"line":333,"column":6},"end":{"line":336,"column":11}},"98":{"start":{"line":335,"column":10},"end":{"line":335,"column":40}},"99":{"start":{"line":340,"column":2},"end":{"line":340,"column":17}}},"fnMap":{"0":{"name":"(anonymous_0)","decl":{"start":{"line":17,"column":1},"end":{"line":17,"column":2}},"loc":{"start":{"line":17,"column":25},"end":{"line":31,"column":1}},"line":17},"1":{"name":"(anonymous_1)","decl":{"start":{"line":31,"column":8},"end":{"line":31,"column":9}},"loc":{"start":{"line":31,"column":59},"end":{"line":341,"column":1}},"line":31},"2":{"name":"(anonymous_2)","decl":{"start":{"line":47,"column":16},"end":{"line":47,"column":17}},"loc":{"start":{"line":47,"column":36},"end":{"line":338,"column":3}},"line":47},"3":{"name":"(anonymous_3)","decl":{"start":{"line":57,"column":31},"end":{"line":57,"column":32}},"loc":{"start":{"line":57,"column":46},"end":{"line":87,"column":5}},"line":57},"4":{"name":"(anonymous_4)","decl":{"start":{"line":95,"column":19},"end":{"line":95,"column":20}},"loc":{"start":{"line":95,"column":34},"end":{"line":100,"column":5}},"line":95},"5":{"name":"(anonymous_5)","decl":{"start":{"line":97,"column":14},"end":{"line":97,"column":15}},"loc":{"start":{"line":97,"column":42},"end":{"line":99,"column":9}},"line":97},"6":{"name":"(anonymous_6)","decl":{"start":{"line":109,"column":34},"end":{"line":109,"column":35}},"loc":{"start":{"line":109,"column":47},"end":{"line":140,"column":5}},"line":109},"7":{"name":"(anonymous_7)","decl":{"start":{"line":148,"column":22},"end":{"line":148,"column":23}},"loc":{"start":{"line":148,"column":35},"end":{"line":153,"column":5}},"line":148},"8":{"name":"(anonymous_8)","decl":{"start":{"line":150,"column":14},"end":{"line":150,"column":15}},"loc":{"start":{"line":150,"column":42},"end":{"line":152,"column":9}},"line":150},"9":{"name":"(anonymous_9)","decl":{"start":{"line":162,"column":32},"end":{"line":162,"column":33}},"loc":{"start":{"line":162,"column":47},"end":{"line":192,"column":5}},"line":162},"10":{"name":"(anonymous_10)","decl":{"start":{"line":200,"column":20},"end":{"line":200,"column":21}},"loc":{"start":{"line":200,"column":35},"end":{"line":205,"column":5}},"line":200},"11":{"name":"(anonymous_11)","decl":{"start":{"line":202,"column":14},"end":{"line":202,"column":15}},"loc":{"start":{"line":202,"column":42},"end":{"line":204,"column":9}},"line":202},"12":{"name":"(anonymous_12)","decl":{"start":{"line":219,"column":32},"end":{"line":219,"column":33}},"loc":{"start":{"line":219,"column":60},"end":{"line":260,"column":5}},"line":219},"13":{"name":"(anonymous_13)","decl":{"start":{"line":273,"column":20},"end":{"line":273,"column":21}},"loc":{"start":{"line":273,"column":48},"end":{"line":278,"column":5}},"line":273},"14":{"name":"(anonymous_14)","decl":{"start":{"line":275,"column":14},"end":{"line":275,"column":15}},"loc":{"start":{"line":275,"column":42},"end":{"line":277,"column":9}},"line":275},"15":{"name":"(anonymous_15)","decl":{"start":{"line":289,"column":36},"end":{"line":289,"column":37}},"loc":{"start":{"line":289,"column":55},"end":{"line":322,"column":5}},"line":289},"16":{"name":"(anonymous_16)","decl":{"start":{"line":332,"column":24},"end":{"line":332,"column":25}},"loc":{"start":{"line":332,"column":43},"end":{"line":337,"column":5}},"line":332},"17":{"name":"(anonymous_17)","decl":{"start":{"line":334,"column":14},"end":{"line":334,"column":15}},"loc":{"start":{"line":334,"column":42},"end":{"line":336,"column":9}},"line":334}},"branchMap":{"0":{"loc":{"start":{"line":18,"column":2},"end":{"line":30,"column":3}},"type":"if","locations":[{"start":{"line":18,"column":2},"end":{"line":30,"column":3}},{"start":{"line":18,"column":2},"end":{"line":30,"column":3}}],"line":18},"1":{"loc":{"start":{"line":18,"column":6},"end":{"line":18,"column":48}},"type":"binary-expr","locations":[{"start":{"line":18,"column":6},"end":{"line":18,"column":34}},{"start":{"line":18,"column":38},"end":{"line":18,"column":48}}],"line":18},"2":{"loc":{"start":{"line":21,"column":9},"end":{"line":30,"column":3}},"type":"if","locations":[{"start":{"line":21,"column":9},"end":{"line":30,"column":3}},{"start":{"line":21,"column":9},"end":{"line":30,"column":3}}],"line":21},"3":{"loc":{"start":{"line":21,"column":13},"end":{"line":21,"column":57}},"type":"binary-expr","locations":[{"start":{"line":21,"column":13},"end":{"line":21,"column":39}},{"start":{"line":21,"column":43},"end":{"line":21,"column":57}}],"line":21},"4":{"loc":{"start":{"line":26,"column":4},"end":{"line":28,"column":5}},"type":"if","locations":[{"start":{"line":26,"column":4},"end":{"line":28,"column":5}},{"start":{"line":26,"column":4},"end":{"line":28,"column":5}}],"line":26},"5":{"loc":{"start":{"line":48,"column":21},"end":{"line":48,"column":52}},"type":"binary-expr","locations":[{"start":{"line":48,"column":21},"end":{"line":48,"column":30}},{"start":{"line":48,"column":34},"end":{"line":48,"column":52}}],"line":48},"6":{"loc":{"start":{"line":61,"column":6},"end":{"line":63,"column":7}},"type":"if","locations":[{"start":{"line":61,"column":6},"end":{"line":63,"column":7}},{"start":{"line":61,"column":6},"end":{"line":63,"column":7}}],"line":61},"7":{"loc":{"start":{"line":61,"column":10},"end":{"line":61,"column":45}},"type":"binary-expr","locations":[{"start":{"line":61,"column":10},"end":{"line":61,"column":28}},{"start":{"line":61,"column":32},"end":{"line":61,"column":45}}],"line":61},"8":{"loc":{"start":{"line":113,"column":6},"end":{"line":115,"column":7}},"type":"if","locations":[{"start":{"line":113,"column":6},"end":{"line":115,"column":7}},{"start":{"line":113,"column":6},"end":{"line":115,"column":7}}],"line":113},"9":{"loc":{"start":{"line":113,"column":10},"end":{"line":113,"column":41}},"type":"binary-expr","locations":[{"start":{"line":113,"column":10},"end":{"line":113,"column":26}},{"start":{"line":113,"column":30},"end":{"line":113,"column":41}}],"line":113},"10":{"loc":{"start":{"line":166,"column":6},"end":{"line":168,"column":7}},"type":"if","locations":[{"start":{"line":166,"column":6},"end":{"line":168,"column":7}},{"start":{"line":166,"column":6},"end":{"line":168,"column":7}}],"line":166},"11":{"loc":{"start":{"line":166,"column":10},"end":{"line":166,"column":45}},"type":"binary-expr","locations":[{"start":{"line":166,"column":10},"end":{"line":166,"column":28}},{"start":{"line":166,"column":32},"end":{"line":166,"column":45}}],"line":166},"12":{"loc":{"start":{"line":220,"column":13},"end":{"line":220,"column":23}},"type":"binary-expr","locations":[{"start":{"line":220,"column":13},"end":{"line":220,"column":17}},{"start":{"line":220,"column":21},"end":{"line":220,"column":23}}],"line":220},"13":{"loc":{"start":{"line":224,"column":6},"end":{"line":226,"column":7}},"type":"if","locations":[{"start":{"line":224,"column":6},"end":{"line":226,"column":7}},{"start":{"line":224,"column":6},"end":{"line":226,"column":7}}],"line":224},"14":{"loc":{"start":{"line":224,"column":10},"end":{"line":224,"column":45}},"type":"binary-expr","locations":[{"start":{"line":224,"column":10},"end":{"line":224,"column":28}},{"start":{"line":224,"column":32},"end":{"line":224,"column":45}}],"line":224},"15":{"loc":{"start":{"line":229,"column":6},"end":{"line":231,"column":7}},"type":"if","locations":[{"start":{"line":229,"column":6},"end":{"line":231,"column":7}},{"start":{"line":229,"column":6},"end":{"line":231,"column":7}}],"line":229},"16":{"loc":{"start":{"line":229,"column":10},"end":{"line":229,"column":47}},"type":"binary-expr","locations":[{"start":{"line":229,"column":10},"end":{"line":229,"column":29}},{"start":{"line":229,"column":33},"end":{"line":229,"column":47}}],"line":229},"17":{"loc":{"start":{"line":290,"column":13},"end":{"line":290,"column":23}},"type":"binary-expr","locations":[{"start":{"line":290,"column":13},"end":{"line":290,"column":17}},{"start":{"line":290,"column":21},"end":{"line":290,"column":23}}],"line":290},"18":{"loc":{"start":{"line":294,"column":6},"end":{"line":296,"column":7}},"type":"if","locations":[{"start":{"line":294,"column":6},"end":{"line":296,"column":7}},{"start":{"line":294,"column":6},"end":{"line":296,"column":7}}],"line":294},"19":{"loc":{"start":{"line":294,"column":10},"end":{"line":294,"column":41}},"type":"binary-expr","locations":[{"start":{"line":294,"column":10},"end":{"line":294,"column":26}},{"start":{"line":294,"column":30},"end":{"line":294,"column":41}}],"line":294}},"s":{"0":1,"1":1,"2":0,"3":1,"4":1,"5":0,"6":0,"7":0,"8":1,"9":74,"10":74,"11":0,"12":0,"13":0,"14":0,"15":0,"16":0,"17":0,"18":0,"19":0,"20":0,"21":0,"22":0,"23":0,"24":74,"25":0,"26":0,"27":74,"28":0,"29":0,"30":0,"31":0,"32":0,"33":0,"34":0,"35":0,"36":0,"37":0,"38":0,"39":0,"40":0,"41":74,"42":0,"43":0,"44":74,"45":0,"46":0,"47":0,"48":0,"49":0,"50":0,"51":0,"52":0,"53":0,"54":0,"55":0,"56":0,"57":0,"58":74,"59":0,"60":0,"61":74,"62":0,"63":0,"64":0,"65":0,"66":0,"67":0,"68":0,"69":0,"70":0,"71":0,"72":0,"73":0,"74":0,"75":0,"76":0,"77":0,"78":74,"79":0,"80":0,"81":74,"82":0,"83":0,"84":0,"85":0,"86":0,"87":0,"88":0,"89":0,"90":0,"91":0,"92":0,"93":0,"94":0,"95":0,"96":74,"97":0,"98":0,"99":1},"f":{"0":1,"1":1,"2":74,"3":0,"4":0,"5":0,"6":0,"7":0,"8":0,"9":0,"10":0,"11":0,"12":0,"13":0,"14":0,"15":0,"16":0,"17":0},"b":{"0":[0,1],"1":[1,0],"2":[1,0],"3":[1,1],"4":[0,0],"5":[74,74],"6":[0,0],"7":[0,0],"8":[0,0],"9":[0,0],"10":[0,0],"11":[0,0],"12":[0,0],"13":[0,0],"14":[0,0],"15":[0,0],"16":[0,0],"17":[0,0],"18":[0,0],"19":[0,0]},"_coverageSchema":"43e27e138ebf9cfc5966b082cf9a028302ed4184","hash":"2456049ab64dca2540551af98d1d7273062c27e4","contentHash":"738b78b4eaf461585067e27cf1f1c001"}}